New log file opened at Tue Apr 25 05:25:15 CEST 2017 by 6624@DESKTOP-5I7CM7G
jvm 6624@DESKTOP-5I7CM7G
jvm vmName=Java HotSpot(TM) 64-Bit Server VM vmVendor=Oracle Corporation vmVersion=25.121-b13
jvm specName=Java Virtual Machine Specification specVendor=Oracle Corporation specVersion=1.8
jvm arguments: [-Xms256m, -Xmx1024m, -XX:MetaspaceSize=64m, -XX:MaxMetaspaceSize=256m]
Starting event engine
Starting sbt command engine
Waiting for sbt command engine
Command engine arguments=List()
Command engine baseDirectory=D:\Tobias\Documents\Git\PVT-REST-API
Command engine initial remaining commands List(--initialize, onFailure load-failed, boot, server-send-ready-for-request, server-handle-next-server-request)
> --initialize
> initialize
> onFailure load-failed
> boot
> reload
[Loading] Scanning directory D:\Tobias\Documents\Git\PVT-REST-API\project
[Loading] Found non-root projects 
[Loading] Done in D:\Tobias\Documents\Git\PVT-REST-API\project, returning: ()
deducing auto plugins based on known facts Set(Atom(sbt.plugins.CorePlugin)) and clauses Clauses(List(Clause(Atom(sbt.plugins.JvmPlugin),Set(Atom(sbt.plugins.IvyPlugin))), Clause(Atom(sbt.plugins.JUnitXmlReportPlugin),Set(Atom(sbt.plugins.JvmPlugin))), Clause(Atom(sbt.plugins.CorePlugin),Set(Atom(sbt.plugins.IvyPlugin))), Clause(Atom(sbt.plugins.IvyPlugin),Set(Atom(sbt.plugins.JvmPlugin))), Clause(Atom(sbt.plugins.JvmPlugin),Set(Atom(sbt.plugins.JUnitXmlReportPlugin)))))
  :: deduced result: Matched(sbt.plugins.CorePlugin,sbt.plugins.IvyPlugin,sbt.plugins.JvmPlugin,sbt.plugins.JUnitXmlReportPlugin)
sorting: ns: List(sbt.plugins.CorePlugin, sbt.plugins.IvyPlugin, sbt.plugins.JvmPlugin, sbt.plugins.JUnitXmlReportPlugin)
  :: sorting:: found: List(sbt.plugins.CorePlugin) not found List(sbt.plugins.IvyPlugin, sbt.plugins.JvmPlugin, sbt.plugins.JUnitXmlReportPlugin)
  :: sorting:: found: List(sbt.plugins.CorePlugin, sbt.plugins.IvyPlugin) not found List(sbt.plugins.JvmPlugin, sbt.plugins.JUnitXmlReportPlugin)
  :: sorting:: found: List(sbt.plugins.CorePlugin, sbt.plugins.IvyPlugin, sbt.plugins.JvmPlugin) not found List(sbt.plugins.JUnitXmlReportPlugin)
  :: sorting:: found: List(sbt.plugins.CorePlugin, sbt.plugins.IvyPlugin, sbt.plugins.JvmPlugin, sbt.plugins.JUnitXmlReportPlugin) not found List()
  :: sorted deduced result: List(sbt.plugins.CorePlugin, sbt.plugins.IvyPlugin, sbt.plugins.JvmPlugin, sbt.plugins.JUnitXmlReportPlugin)
[Loading] Done in D:\Tobias\Documents\Git\PVT-REST-API\project, returning: (pvt-rest-api-build)
Loading project definition from D:\Tobias\Documents\Git\PVT-REST-API\project
Running task... Cancel: sbt.TaskCancellationStrategy$Null$@35d3934a, check cycles: false

Initial source changes: 
	removed:Set()
	added: Set()
	modified: Set()
Removed products: Set()
External API changes: API Changes: Set()
Modified binary dependencies: Set()
Initial directly invalidated sources: Set()

Sources indirectly invalidated by:
	product: Set()
	binary dep: Set()
	external source: Set()
All initially invalidated sources: Set()

Copy resource mappings: 
	
[Loading] Scanning directory D:\Tobias\Documents\Git\PVT-REST-API
[Loading] Found root project root w/ remaining 
deducing auto plugins based on known facts Set(Atom(play.sbt.PlayJava), Atom(play.ebean.sbt.PlayEbean), Atom(sbt.plugins.CorePlugin)) and clauses Clauses(List(Clause(Atom(sbt.plugins.JvmPlugin),Set(Atom(sbt.plugins.IvyPlugin))), Clause(Atom(sbt.plugins.JUnitXmlReportPlugin),Set(Atom(sbt.plugins.JvmPlugin))), Clause(Atom(com.typesafe.sbteclipse.plugin.EclipsePlugin),Set(Atom(sbt.plugins.JvmPlugin))), Clause(Atom(play.sbt.forkrun.PlayForkRun),Set(Atom(sbt.plugins.BackgroundRunPlugin))), Clause(Atom(play.sbt.forkrun.PlayForkRun),Set(Atom(play.sbt.Play))), Clause(Atom(play.sbt.forkrun.PlayForkRun),Set(Atom(sbt.plugins.SerializersPlugin))), Clause(Atom(play.sbt.Play),Set(Atom(com.typesafe.sbt.packager.archetypes.JavaServerAppPackaging))), Clause(Atom(play.sbt.Play),Set(Atom(play.sbt.routes.RoutesCompiler))), Clause(Atom(play.sbt.Play),Set(Atom(play.twirl.sbt.SbtTwirl))), Clause(Atom(play.sbt.Play),Set(Atom(com.typesafe.sbt.jse.SbtJsTask))), Clause(Atom(play.sbt.PlayAkkaHttpServer),Set(Atom(play.sbt.Play))), Clause(Atom(play.sbt.PlayJava),Set(Atom(play.sbt.Play))), Clause(Atom(play.sbt.PlayLayoutPlugin),Set(Atom(play.sbt.Play))), Clause(Atom(play.sbt.PlayLogback),Set(Atom(play.sbt.Play))), Clause(Atom(play.sbt.PlayNettyServer),Set(Atom(play.sbt.Play))), Clause(Atom(play.sbt.PlayScala),Set(Atom(play.sbt.Play))), Clause(Atom(play.sbt.routes.RoutesCompiler),Set(Atom(sbt.plugins.JvmPlugin))), Clause(Atom(play.twirl.sbt.SbtTwirl),Set(Atom(sbt.plugins.JvmPlugin))), Clause(Atom(com.typesafe.sbt.packager.archetypes.AkkaAppPackaging),Set(Atom(com.typesafe.sbt.packager.archetypes.JavaAppPackaging))), Clause(Atom(com.typesafe.sbt.packager.archetypes.JavaAppPackaging),Set(Atom(com.typesafe.sbt.packager.windows.WindowsPlugin))), Clause(Atom(com.typesafe.sbt.packager.archetypes.JavaAppPackaging),Set(Atom(com.typesafe.sbt.packager.docker.DockerPlugin))), Clause(Atom(com.typesafe.sbt.packager.archetypes.JavaAppPackaging),Set(Atom(com.typesafe.sbt.packager.debian.DebianPlugin))), Clause(Atom(com.typesafe.sbt.packager.archetypes.JavaAppPackaging),Set(Atom(com.typesafe.sbt.packager.rpm.RpmPlugin))), Clause(Atom(com.typesafe.sbt.packager.archetypes.JavaServerAppPackaging),Set(Atom(com.typesafe.sbt.packager.archetypes.JavaAppPackaging))), Clause(Atom(com.typesafe.sbt.packager.archetypes.jar.ClasspathJarPlugin),Set(Atom(com.typesafe.sbt.packager.archetypes.JavaAppPackaging))), Clause(Atom(com.typesafe.sbt.packager.archetypes.jar.LauncherJarPlugin),Set(Atom(com.typesafe.sbt.packager.archetypes.JavaAppPackaging))), Clause(Atom(com.typesafe.sbt.packager.debian.DebianDeployPlugin),Set(Atom(com.typesafe.sbt.packager.debian.DebianPlugin))), Clause(Atom(com.typesafe.sbt.packager.debian.DebianPlugin),Set(Atom(com.typesafe.sbt.packager.linux.LinuxPlugin))), Clause(Atom(com.typesafe.sbt.packager.debian.JDebPackaging),Set(Atom(com.typesafe.sbt.packager.debian.DebianPlugin))), Clause(Atom(com.typesafe.sbt.packager.docker.DockerPlugin),Set(Atom(com.typesafe.sbt.packager.universal.UniversalPlugin))), Clause(Atom(com.typesafe.sbt.packager.jdkpackager.JDKPackagerDeployPlugin),Set(Atom(com.typesafe.sbt.packager.jdkpackager.JDKPackagerPlugin))), Clause(Atom(com.typesafe.sbt.packager.jdkpackager.JDKPackagerPlugin),Set(Atom(com.typesafe.sbt.packager.archetypes.JavaAppPackaging))), Clause(Atom(com.typesafe.sbt.packager.jdkpackager.JDKPackagerPlugin),Set(Atom(com.typesafe.sbt.packager.archetypes.jar.LauncherJarPlugin))), Clause(Atom(com.typesafe.sbt.packager.linux.LinuxPlugin),Set(Atom(com.typesafe.sbt.packager.universal.UniversalPlugin))), Clause(Atom(com.typesafe.sbt.packager.rpm.RpmDeployPlugin),Set(Atom(com.typesafe.sbt.packager.rpm.RpmPlugin))), Clause(Atom(com.typesafe.sbt.packager.rpm.RpmPlugin),Set(Atom(com.typesafe.sbt.packager.linux.LinuxPlugin))), Clause(Atom(com.typesafe.sbt.packager.universal.UniversalDeployPlugin),Set(Atom(com.typesafe.sbt.packager.universal.UniversalPlugin))), Clause(Atom(com.typesafe.sbt.packager.universal.UniversalPlugin),Set(Atom(com.typesafe.sbt.SbtNativePackager))), Clause(Atom(com.typesafe.sbt.packager.windows.WindowsDeployPlugin),Set(Atom(com.typesafe.sbt.packager.windows.WindowsPlugin))), Clause(Atom(com.typesafe.sbt.packager.windows.WindowsPlugin),Set(Atom(com.typesafe.sbt.packager.universal.UniversalPlugin))), Clause(Atom(com.typesafe.sbt.web.SbtWeb),Set(Atom(sbt.plugins.JvmPlugin))), Clause(Atom(sbt.plugins.BackgroundRunPlugin),Set(Atom(sbt.plugins.JvmPlugin))), Clause(Atom(com.typesafe.sbt.coffeescript.SbtCoffeeScript),Set(Atom(com.typesafe.sbt.jse.SbtJsTask))), Clause(Atom(com.typesafe.sbt.less.SbtLess),Set(Atom(com.typesafe.sbt.jse.SbtJsTask))), Clause(Atom(com.typesafe.sbt.jshint.SbtJSHint),Set(Atom(com.typesafe.sbt.jse.SbtJsTask))), Clause(Atom(com.typesafe.sbt.rjs.SbtRjs),Set(Atom(com.typesafe.sbt.jse.SbtJsTask))), Clause(Atom(com.typesafe.sbt.jse.SbtJsEngine),Set(Atom(com.typesafe.sbt.web.SbtWeb))), Clause(Atom(com.typesafe.sbt.jse.SbtJsTask),Set(Atom(com.typesafe.sbt.jse.SbtJsEngine))), Clause(Atom(com.typesafe.sbt.digest.SbtDigest),Set(Atom(com.typesafe.sbt.web.SbtWeb))), Clause(Atom(com.typesafe.sbt.mocha.SbtMocha),Set(Atom(com.typesafe.sbt.jse.SbtJsTask))), Clause(Atom(org.irundaia.sbt.sass.SbtSassify),Set(Atom(com.typesafe.sbt.web.SbtWeb))), Clause(Atom(com.typesafe.play.sbt.enhancer.PlayEnhancer),Set(Atom(sbt.plugins.JvmPlugin))), Clause(Atom(play.ebean.sbt.PlayEbean),Set(Atom(com.typesafe.play.sbt.enhancer.PlayEnhancer))), Clause(Atom(com.heroku.sbt.HerokuPlugin),Set(Atom(sbt.plugins.JvmPlugin))), Clause(Atom(sbt.plugins.CorePlugin),Set(Atom(sbt.plugins.IvyPlugin))), Clause(Atom(sbt.plugins.IvyPlugin),Set(Atom(sbt.plugins.JvmPlugin))), Clause(Atom(sbt.plugins.JvmPlugin),Set(Atom(sbt.plugins.JUnitXmlReportPlugin))), Clause(Atom(sbt.plugins.JvmPlugin),Set(Atom(com.typesafe.sbteclipse.plugin.EclipsePlugin))), Clause(And(Set(Atom(sbt.plugins.BackgroundRunPlugin), Atom(play.sbt.Play), Atom(sbt.plugins.SerializersPlugin))),Set(Atom(play.sbt.forkrun.PlayForkRun))), Clause(Atom(play.sbt.Play),Set(Atom(play.sbt.PlayLayoutPlugin))), Clause(Atom(play.sbt.Play),Set(Atom(play.sbt.PlayLogback))), Clause(Atom(play.sbt.Play),Set(Atom(play.sbt.PlayNettyServer))), Clause(Atom(sbt.plugins.JvmPlugin),Set(Atom(sbt.plugins.BackgroundRunPlugin))), Clause(Atom(sbt.plugins.CorePlugin),Set(Atom(sbt.plugins.InteractionServicePlugin))), Clause(Atom(sbt.plugins.CorePlugin),Set(Atom(sbt.plugins.SendEventServicePlugin))), Clause(Atom(sbt.plugins.CorePlugin),Set(Atom(sbt.plugins.SerializersPlugin))), Clause(Atom(com.typesafe.sbt.jse.SbtJsTask),Set(Atom(com.typesafe.sbt.coffeescript.SbtCoffeeScript))), Clause(Atom(com.typesafe.sbt.jse.SbtJsTask),Set(Atom(com.typesafe.sbt.less.SbtLess))), Clause(Atom(com.typesafe.sbt.jse.SbtJsTask),Set(Atom(com.typesafe.sbt.jshint.SbtJSHint))), Clause(Atom(com.typesafe.sbt.jse.SbtJsTask),Set(Atom(com.typesafe.sbt.rjs.SbtRjs))), Clause(Atom(com.typesafe.sbt.web.SbtWeb),Set(Atom(com.typesafe.sbt.jse.SbtJsEngine))), Clause(Atom(com.typesafe.sbt.jse.SbtJsEngine),Set(Atom(com.typesafe.sbt.jse.SbtJsTask))), Clause(Atom(com.typesafe.sbt.web.SbtWeb),Set(Atom(com.typesafe.sbt.digest.SbtDigest))), Clause(Atom(com.typesafe.sbt.jse.SbtJsTask),Set(Atom(com.typesafe.sbt.mocha.SbtMocha))), Clause(Atom(com.typesafe.sbt.web.SbtWeb),Set(Atom(org.irundaia.sbt.sass.SbtSassify))), Clause(Atom(sbt.plugins.JvmPlugin),Set(Atom(com.typesafe.play.sbt.enhancer.PlayEnhancer))), Clause(Atom(sbt.plugins.JvmPlugin),Set(Atom(com.heroku.sbt.HerokuPlugin)))))
  :: deduced result: Matched(sbt.plugins.CorePlugin,play.ebean.sbt.PlayEbean,play.sbt.PlayJava,com.typesafe.play.sbt.enhancer.PlayEnhancer,sbt.plugins.InteractionServicePlugin,sbt.plugins.SendEventServicePlugin,play.sbt.Play,sbt.plugins.SerializersPlugin,sbt.plugins.IvyPlugin,com.typesafe.sbt.packager.archetypes.JavaServerAppPackaging,play.twirl.sbt.SbtTwirl,sbt.plugins.JvmPlugin,play.sbt.PlayNettyServer,play.sbt.PlayLayoutPlugin,play.sbt.routes.RoutesCompiler,play.sbt.PlayLogback,com.typesafe.sbt.jse.SbtJsTask,com.typesafe.sbt.jshint.SbtJSHint,com.typesafe.sbteclipse.plugin.EclipsePlugin,com.typesafe.sbt.packager.archetypes.JavaAppPackaging,sbt.plugins.JUnitXmlReportPlugin,com.typesafe.sbt.mocha.SbtMocha,com.typesafe.sbt.less.SbtLess,com.typesafe.sbt.rjs.SbtRjs,com.typesafe.sbt.jse.SbtJsEngine,com.typesafe.sbt.coffeescript.SbtCoffeeScript,com.heroku.sbt.HerokuPlugin,sbt.plugins.BackgroundRunPlugin,com.typesafe.sbt.packager.rpm.RpmPlugin,com.typesafe.sbt.packager.windows.WindowsPlugin,com.typesafe.sbt.web.SbtWeb,com.typesafe.sbt.packager.docker.DockerPlugin,play.sbt.forkrun.PlayForkRun,com.typesafe.sbt.packager.debian.DebianPlugin,org.irundaia.sbt.sass.SbtSassify,com.typesafe.sbt.digest.SbtDigest,com.typesafe.sbt.packager.universal.UniversalPlugin,com.typesafe.sbt.packager.linux.LinuxPlugin,com.typesafe.sbt.SbtNativePackager)
sorting: ns: List(sbt.plugins.CorePlugin, play.ebean.sbt.PlayEbean, play.sbt.PlayJava, com.typesafe.play.sbt.enhancer.PlayEnhancer, sbt.plugins.InteractionServicePlugin, sbt.plugins.SendEventServicePlugin, play.sbt.Play, sbt.plugins.SerializersPlugin, sbt.plugins.IvyPlugin, com.typesafe.sbt.packager.archetypes.JavaServerAppPackaging, play.twirl.sbt.SbtTwirl, sbt.plugins.JvmPlugin, play.sbt.PlayNettyServer, play.sbt.PlayLayoutPlugin, play.sbt.routes.RoutesCompiler, play.sbt.PlayLogback, com.typesafe.sbt.jse.SbtJsTask, com.typesafe.sbt.jshint.SbtJSHint, com.typesafe.sbteclipse.plugin.EclipsePlugin, com.typesafe.sbt.packager.archetypes.JavaAppPackaging, sbt.plugins.JUnitXmlReportPlugin, com.typesafe.sbt.mocha.SbtMocha, com.typesafe.sbt.less.SbtLess, com.typesafe.sbt.rjs.SbtRjs, com.typesafe.sbt.jse.SbtJsEngine, com.typesafe.sbt.coffeescript.SbtCoffeeScript, com.heroku.sbt.HerokuPlugin, sbt.plugins.BackgroundRunPlugin, com.typesafe.sbt.packager.rpm.RpmPlugin, com.typesafe.sbt.packager.windows.WindowsPlugin, com.typesafe.sbt.web.SbtWeb, com.typesafe.sbt.packager.docker.DockerPlugin, play.sbt.forkrun.PlayForkRun, com.typesafe.sbt.packager.debian.DebianPlugin, org.irundaia.sbt.sass.SbtSassify, com.typesafe.sbt.digest.SbtDigest, com.typesafe.sbt.packager.universal.UniversalPlugin, com.typesafe.sbt.packager.linux.LinuxPlugin, com.typesafe.sbt.SbtNativePackager)
  :: sorting:: found: List(sbt.plugins.CorePlugin, com.typesafe.sbt.SbtNativePackager) not found List(play.ebean.sbt.PlayEbean, play.sbt.PlayJava, com.typesafe.play.sbt.enhancer.PlayEnhancer, sbt.plugins.InteractionServicePlugin, sbt.plugins.SendEventServicePlugin, play.sbt.Play, sbt.plugins.SerializersPlugin, sbt.plugins.IvyPlugin, com.typesafe.sbt.packager.archetypes.JavaServerAppPackaging, play.twirl.sbt.SbtTwirl, sbt.plugins.JvmPlugin, play.sbt.PlayNettyServer, play.sbt.PlayLayoutPlugin, play.sbt.routes.RoutesCompiler, play.sbt.PlayLogback, com.typesafe.sbt.jse.SbtJsTask, com.typesafe.sbt.jshint.SbtJSHint, com.typesafe.sbteclipse.plugin.EclipsePlugin, com.typesafe.sbt.packager.archetypes.JavaAppPackaging, sbt.plugins.JUnitXmlReportPlugin, com.typesafe.sbt.mocha.SbtMocha, com.typesafe.sbt.less.SbtLess, com.typesafe.sbt.rjs.SbtRjs, com.typesafe.sbt.jse.SbtJsEngine, com.typesafe.sbt.coffeescript.SbtCoffeeScript, com.heroku.sbt.HerokuPlugin, sbt.plugins.BackgroundRunPlugin, com.typesafe.sbt.packager.rpm.RpmPlugin, com.typesafe.sbt.packager.windows.WindowsPlugin, com.typesafe.sbt.web.SbtWeb, com.typesafe.sbt.packager.docker.DockerPlugin, play.sbt.forkrun.PlayForkRun, com.typesafe.sbt.packager.debian.DebianPlugin, org.irundaia.sbt.sass.SbtSassify, com.typesafe.sbt.digest.SbtDigest, com.typesafe.sbt.packager.universal.UniversalPlugin, com.typesafe.sbt.packager.linux.LinuxPlugin)
  :: sorting:: found: List(sbt.plugins.CorePlugin, com.typesafe.sbt.SbtNativePackager, sbt.plugins.InteractionServicePlugin, sbt.plugins.SendEventServicePlugin, sbt.plugins.SerializersPlugin, sbt.plugins.IvyPlugin, com.typesafe.sbt.packager.universal.UniversalPlugin) not found List(play.ebean.sbt.PlayEbean, play.sbt.PlayJava, com.typesafe.play.sbt.enhancer.PlayEnhancer, play.sbt.Play, com.typesafe.sbt.packager.archetypes.JavaServerAppPackaging, play.twirl.sbt.SbtTwirl, sbt.plugins.JvmPlugin, play.sbt.PlayNettyServer, play.sbt.PlayLayoutPlugin, play.sbt.routes.RoutesCompiler, play.sbt.PlayLogback, com.typesafe.sbt.jse.SbtJsTask, com.typesafe.sbt.jshint.SbtJSHint, com.typesafe.sbteclipse.plugin.EclipsePlugin, com.typesafe.sbt.packager.archetypes.JavaAppPackaging, sbt.plugins.JUnitXmlReportPlugin, com.typesafe.sbt.mocha.SbtMocha, com.typesafe.sbt.less.SbtLess, com.typesafe.sbt.rjs.SbtRjs, com.typesafe.sbt.jse.SbtJsEngine, com.typesafe.sbt.coffeescript.SbtCoffeeScript, com.heroku.sbt.HerokuPlugin, sbt.plugins.BackgroundRunPlugin, com.typesafe.sbt.packager.rpm.RpmPlugin, com.typesafe.sbt.packager.windows.WindowsPlugin, com.typesafe.sbt.web.SbtWeb, com.typesafe.sbt.packager.docker.DockerPlugin, play.sbt.forkrun.PlayForkRun, com.typesafe.sbt.packager.debian.DebianPlugin, org.irundaia.sbt.sass.SbtSassify, com.typesafe.sbt.digest.SbtDigest, com.typesafe.sbt.packager.linux.LinuxPlugin)
  :: sorting:: found: List(sbt.plugins.CorePlugin, com.typesafe.sbt.SbtNativePackager, sbt.plugins.InteractionServicePlugin, sbt.plugins.SendEventServicePlugin, sbt.plugins.SerializersPlugin, sbt.plugins.IvyPlugin, com.typesafe.sbt.packager.universal.UniversalPlugin, sbt.plugins.JvmPlugin, com.typesafe.sbt.packager.windows.WindowsPlugin, com.typesafe.sbt.packager.docker.DockerPlugin, com.typesafe.sbt.packager.linux.LinuxPlugin) not found List(play.ebean.sbt.PlayEbean, play.sbt.PlayJava, com.typesafe.play.sbt.enhancer.PlayEnhancer, play.sbt.Play, com.typesafe.sbt.packager.archetypes.JavaServerAppPackaging, play.twirl.sbt.SbtTwirl, play.sbt.PlayNettyServer, play.sbt.PlayLayoutPlugin, play.sbt.routes.RoutesCompiler, play.sbt.PlayLogback, com.typesafe.sbt.jse.SbtJsTask, com.typesafe.sbt.jshint.SbtJSHint, com.typesafe.sbteclipse.plugin.EclipsePlugin, com.typesafe.sbt.packager.archetypes.JavaAppPackaging, sbt.plugins.JUnitXmlReportPlugin, com.typesafe.sbt.mocha.SbtMocha, com.typesafe.sbt.less.SbtLess, com.typesafe.sbt.rjs.SbtRjs, com.typesafe.sbt.jse.SbtJsEngine, com.typesafe.sbt.coffeescript.SbtCoffeeScript, com.heroku.sbt.HerokuPlugin, sbt.plugins.BackgroundRunPlugin, com.typesafe.sbt.packager.rpm.RpmPlugin, com.typesafe.sbt.web.SbtWeb, play.sbt.forkrun.PlayForkRun, com.typesafe.sbt.packager.debian.DebianPlugin, org.irundaia.sbt.sass.SbtSassify, com.typesafe.sbt.digest.SbtDigest)
  :: sorting:: found: List(sbt.plugins.CorePlugin, com.typesafe.sbt.SbtNativePackager, sbt.plugins.InteractionServicePlugin, sbt.plugins.SendEventServicePlugin, sbt.plugins.SerializersPlugin, sbt.plugins.IvyPlugin, com.typesafe.sbt.packager.universal.UniversalPlugin, sbt.plugins.JvmPlugin, com.typesafe.sbt.packager.windows.WindowsPlugin, com.typesafe.sbt.packager.docker.DockerPlugin, com.typesafe.sbt.packager.linux.LinuxPlugin, com.typesafe.play.sbt.enhancer.PlayEnhancer, play.twirl.sbt.SbtTwirl, play.sbt.routes.RoutesCompiler, com.typesafe.sbteclipse.plugin.EclipsePlugin, sbt.plugins.JUnitXmlReportPlugin, com.heroku.sbt.HerokuPlugin, sbt.plugins.BackgroundRunPlugin, com.typesafe.sbt.packager.rpm.RpmPlugin, com.typesafe.sbt.web.SbtWeb, com.typesafe.sbt.packager.debian.DebianPlugin) not found List(play.ebean.sbt.PlayEbean, play.sbt.PlayJava, play.sbt.Play, com.typesafe.sbt.packager.archetypes.JavaServerAppPackaging, play.sbt.PlayNettyServer, play.sbt.PlayLayoutPlugin, play.sbt.PlayLogback, com.typesafe.sbt.jse.SbtJsTask, com.typesafe.sbt.jshint.SbtJSHint, com.typesafe.sbt.packager.archetypes.JavaAppPackaging, com.typesafe.sbt.mocha.SbtMocha, com.typesafe.sbt.less.SbtLess, com.typesafe.sbt.rjs.SbtRjs, com.typesafe.sbt.jse.SbtJsEngine, com.typesafe.sbt.coffeescript.SbtCoffeeScript, play.sbt.forkrun.PlayForkRun, org.irundaia.sbt.sass.SbtSassify, com.typesafe.sbt.digest.SbtDigest)
  :: sorting:: found: List(sbt.plugins.CorePlugin, com.typesafe.sbt.SbtNativePackager, sbt.plugins.InteractionServicePlugin, sbt.plugins.SendEventServicePlugin, sbt.plugins.SerializersPlugin, sbt.plugins.IvyPlugin, com.typesafe.sbt.packager.universal.UniversalPlugin, sbt.plugins.JvmPlugin, com.typesafe.sbt.packager.windows.WindowsPlugin, com.typesafe.sbt.packager.docker.DockerPlugin, com.typesafe.sbt.packager.linux.LinuxPlugin, com.typesafe.play.sbt.enhancer.PlayEnhancer, play.twirl.sbt.SbtTwirl, play.sbt.routes.RoutesCompiler, com.typesafe.sbteclipse.plugin.EclipsePlugin, sbt.plugins.JUnitXmlReportPlugin, com.heroku.sbt.HerokuPlugin, sbt.plugins.BackgroundRunPlugin, com.typesafe.sbt.packager.rpm.RpmPlugin, com.typesafe.sbt.web.SbtWeb, com.typesafe.sbt.packager.debian.DebianPlugin, play.ebean.sbt.PlayEbean, com.typesafe.sbt.packager.archetypes.JavaAppPackaging, com.typesafe.sbt.jse.SbtJsEngine, org.irundaia.sbt.sass.SbtSassify, com.typesafe.sbt.digest.SbtDigest) not found List(play.sbt.PlayJava, play.sbt.Play, com.typesafe.sbt.packager.archetypes.JavaServerAppPackaging, play.sbt.PlayNettyServer, play.sbt.PlayLayoutPlugin, play.sbt.PlayLogback, com.typesafe.sbt.jse.SbtJsTask, com.typesafe.sbt.jshint.SbtJSHint, com.typesafe.sbt.mocha.SbtMocha, com.typesafe.sbt.less.SbtLess, com.typesafe.sbt.rjs.SbtRjs, com.typesafe.sbt.coffeescript.SbtCoffeeScript, play.sbt.forkrun.PlayForkRun)
  :: sorting:: found: List(sbt.plugins.CorePlugin, com.typesafe.sbt.SbtNativePackager, sbt.plugins.InteractionServicePlugin, sbt.plugins.SendEventServicePlugin, sbt.plugins.SerializersPlugin, sbt.plugins.IvyPlugin, com.typesafe.sbt.packager.universal.UniversalPlugin, sbt.plugins.JvmPlugin, com.typesafe.sbt.packager.windows.WindowsPlugin, com.typesafe.sbt.packager.docker.DockerPlugin, com.typesafe.sbt.packager.linux.LinuxPlugin, com.typesafe.play.sbt.enhancer.PlayEnhancer, play.twirl.sbt.SbtTwirl, play.sbt.routes.RoutesCompiler, com.typesafe.sbteclipse.plugin.EclipsePlugin, sbt.plugins.JUnitXmlReportPlugin, com.heroku.sbt.HerokuPlugin, sbt.plugins.BackgroundRunPlugin, com.typesafe.sbt.packager.rpm.RpmPlugin, com.typesafe.sbt.web.SbtWeb, com.typesafe.sbt.packager.debian.DebianPlugin, play.ebean.sbt.PlayEbean, com.typesafe.sbt.packager.archetypes.JavaAppPackaging, com.typesafe.sbt.jse.SbtJsEngine, org.irundaia.sbt.sass.SbtSassify, com.typesafe.sbt.digest.SbtDigest, com.typesafe.sbt.packager.archetypes.JavaServerAppPackaging, com.typesafe.sbt.jse.SbtJsTask) not found List(play.sbt.PlayJava, play.sbt.Play, play.sbt.PlayNettyServer, play.sbt.PlayLayoutPlugin, play.sbt.PlayLogback, com.typesafe.sbt.jshint.SbtJSHint, com.typesafe.sbt.mocha.SbtMocha, com.typesafe.sbt.less.SbtLess, com.typesafe.sbt.rjs.SbtRjs, com.typesafe.sbt.coffeescript.SbtCoffeeScript, play.sbt.forkrun.PlayForkRun)
  :: sorting:: found: List(sbt.plugins.CorePlugin, com.typesafe.sbt.SbtNativePackager, sbt.plugins.InteractionServicePlugin, sbt.plugins.SendEventServicePlugin, sbt.plugins.SerializersPlugin, sbt.plugins.IvyPlugin, com.typesafe.sbt.packager.universal.UniversalPlugin, sbt.plugins.JvmPlugin, com.typesafe.sbt.packager.windows.WindowsPlugin, com.typesafe.sbt.packager.docker.DockerPlugin, com.typesafe.sbt.packager.linux.LinuxPlugin, com.typesafe.play.sbt.enhancer.PlayEnhancer, play.twirl.sbt.SbtTwirl, play.sbt.routes.RoutesCompiler, com.typesafe.sbteclipse.plugin.EclipsePlugin, sbt.plugins.JUnitXmlReportPlugin, com.heroku.sbt.HerokuPlugin, sbt.plugins.BackgroundRunPlugin, com.typesafe.sbt.packager.rpm.RpmPlugin, com.typesafe.sbt.web.SbtWeb, com.typesafe.sbt.packager.debian.DebianPlugin, play.ebean.sbt.PlayEbean, com.typesafe.sbt.packager.archetypes.JavaAppPackaging, com.typesafe.sbt.jse.SbtJsEngine, org.irundaia.sbt.sass.SbtSassify, com.typesafe.sbt.digest.SbtDigest, com.typesafe.sbt.packager.archetypes.JavaServerAppPackaging, com.typesafe.sbt.jse.SbtJsTask, play.sbt.Play, com.typesafe.sbt.jshint.SbtJSHint, com.typesafe.sbt.mocha.SbtMocha, com.typesafe.sbt.less.SbtLess, com.typesafe.sbt.rjs.SbtRjs, com.typesafe.sbt.coffeescript.SbtCoffeeScript) not found List(play.sbt.PlayJava, play.sbt.PlayNettyServer, play.sbt.PlayLayoutPlugin, play.sbt.PlayLogback, play.sbt.forkrun.PlayForkRun)
  :: sorting:: found: List(sbt.plugins.CorePlugin, com.typesafe.sbt.SbtNativePackager, sbt.plugins.InteractionServicePlugin, sbt.plugins.SendEventServicePlugin, sbt.plugins.SerializersPlugin, sbt.plugins.IvyPlugin, com.typesafe.sbt.packager.universal.UniversalPlugin, sbt.plugins.JvmPlugin, com.typesafe.sbt.packager.windows.WindowsPlugin, com.typesafe.sbt.packager.docker.DockerPlugin, com.typesafe.sbt.packager.linux.LinuxPlugin, com.typesafe.play.sbt.enhancer.PlayEnhancer, play.twirl.sbt.SbtTwirl, play.sbt.routes.RoutesCompiler, com.typesafe.sbteclipse.plugin.EclipsePlugin, sbt.plugins.JUnitXmlReportPlugin, com.heroku.sbt.HerokuPlugin, sbt.plugins.BackgroundRunPlugin, com.typesafe.sbt.packager.rpm.RpmPlugin, com.typesafe.sbt.web.SbtWeb, com.typesafe.sbt.packager.debian.DebianPlugin, play.ebean.sbt.PlayEbean, com.typesafe.sbt.packager.archetypes.JavaAppPackaging, com.typesafe.sbt.jse.SbtJsEngine, org.irundaia.sbt.sass.SbtSassify, com.typesafe.sbt.digest.SbtDigest, com.typesafe.sbt.packager.archetypes.JavaServerAppPackaging, com.typesafe.sbt.jse.SbtJsTask, play.sbt.Play, com.typesafe.sbt.jshint.SbtJSHint, com.typesafe.sbt.mocha.SbtMocha, com.typesafe.sbt.less.SbtLess, com.typesafe.sbt.rjs.SbtRjs, com.typesafe.sbt.coffeescript.SbtCoffeeScript, play.sbt.PlayJava, play.sbt.PlayNettyServer, play.sbt.PlayLayoutPlugin, play.sbt.PlayLogback, play.sbt.forkrun.PlayForkRun) not found List()
  :: sorted deduced result: List(sbt.plugins.CorePlugin, com.typesafe.sbt.SbtNativePackager, sbt.plugins.InteractionServicePlugin, sbt.plugins.SendEventServicePlugin, sbt.plugins.SerializersPlugin, sbt.plugins.IvyPlugin, com.typesafe.sbt.packager.universal.UniversalPlugin, sbt.plugins.JvmPlugin, com.typesafe.sbt.packager.windows.WindowsPlugin, com.typesafe.sbt.packager.docker.DockerPlugin, com.typesafe.sbt.packager.linux.LinuxPlugin, com.typesafe.play.sbt.enhancer.PlayEnhancer, play.twirl.sbt.SbtTwirl, play.sbt.routes.RoutesCompiler, com.typesafe.sbteclipse.plugin.EclipsePlugin, sbt.plugins.JUnitXmlReportPlugin, com.heroku.sbt.HerokuPlugin, sbt.plugins.BackgroundRunPlugin, com.typesafe.sbt.packager.rpm.RpmPlugin, com.typesafe.sbt.web.SbtWeb, com.typesafe.sbt.packager.debian.DebianPlugin, play.ebean.sbt.PlayEbean, com.typesafe.sbt.packager.archetypes.JavaAppPackaging, com.typesafe.sbt.jse.SbtJsEngine, org.irundaia.sbt.sass.SbtSassify, com.typesafe.sbt.digest.SbtDigest, com.typesafe.sbt.packager.archetypes.JavaServerAppPackaging, com.typesafe.sbt.jse.SbtJsTask, play.sbt.Play, com.typesafe.sbt.jshint.SbtJSHint, com.typesafe.sbt.mocha.SbtMocha, com.typesafe.sbt.less.SbtLess, com.typesafe.sbt.rjs.SbtRjs, com.typesafe.sbt.coffeescript.SbtCoffeeScript, play.sbt.PlayJava, play.sbt.PlayNettyServer, play.sbt.PlayLayoutPlugin, play.sbt.PlayLogback, play.sbt.forkrun.PlayForkRun)
[Loading] Done in D:\Tobias\Documents\Git\PVT-REST-API, returning: (root)
Set current project to pvt (in build file:/D:/Tobias/Documents/Git/PVT-REST-API/)
Reapplying settings...
Set current project to pvt (in build file:/D:/Tobias/Documents/Git/PVT-REST-API/)
> iflast shell
> server-send-ready-for-request
> server-handle-next-server-request
> {file:/D:/Tobias/Documents/Git/PVT-REST-API/}root/compile:mainClass
Evaluating tasks: compile:mainClass
Running task... Cancel: sbt.server.ServerTaskCancellation@1cb81344, check cycles: false
Total time: 0 s, completed 2017-apr-25 05:25:20
> server-post-command-cleanup
> server-handle-next-server-request
> {file:/D:/Tobias/Documents/Git/PVT-REST-API/}root/compile:discoveredMainClasses
Evaluating tasks: compile:discoveredMainClasses
Running task... Cancel: sbt.server.ServerTaskCancellation@5978d374, check cycles: false

Initial source changes: 
	removed:Set()
	added: Set(D:\Tobias\Documents\Git\PVT-REST-API\app\models\ActivityMuseum.java)
	modified: Set(D:\Tobias\Documents\Git\PVT-REST-API\app\models\Activity.java, D:\Tobias\Documents\Git\PVT-REST-API\app\utils\ActivityGatherer.java)
Removed products: Set()
External API changes: API Changes: Set()
Modified binary dependencies: Set()
Initial directly invalidated sources: Set(D:\Tobias\Documents\Git\PVT-REST-API\app\models\ActivityMuseum.java, D:\Tobias\Documents\Git\PVT-REST-API\app\models\Activity.java, D:\Tobias\Documents\Git\PVT-REST-API\app\utils\ActivityGatherer.java)

Sources indirectly invalidated by:
	product: Set()
	binary dep: Set()
	external source: Set()
All initially invalidated sources: Set(D:\Tobias\Documents\Git\PVT-REST-API\app\models\ActivityMuseum.java, D:\Tobias\Documents\Git\PVT-REST-API\app\models\Activity.java, D:\Tobias\Documents\Git\PVT-REST-API\app\utils\ActivityGatherer.java)

Read from stdout: Compiling 3 Java sources to D:\Tobias\Documents\Git\PVT-REST-API\target\scala-2.11\classes...
Compiling 3 Java sources to D:\Tobias\Documents\Git\PVT-REST-API\target\scala-2.11\classes...
Attempting to call com.sun.tools.javac.api.JavacTool@3e2442b5 directly...
Read from stdout: D:\Tobias\Documents\Git\PVT-REST-API\app\utils\ActivityGatherer.java:75: class, interface, or enum expected
D:\Tobias\Documents\Git\PVT-REST-API\app\utils\ActivityGatherer.java:75: class, interface, or enum expected
Read from stdout: public 
public 
Read from stdout: D:\Tobias\Documents\Git\PVT-REST-API\app\utils\ActivityGatherer.java:77: class, interface, or enum expected
D:\Tobias\Documents\Git\PVT-REST-API\app\utils\ActivityGatherer.java:77: class, interface, or enum expected
Read from stdout: D:\Tobias\Documents\Git\PVT-REST-API\app\utils\ActivityGatherer.java:78: class, interface, or enum expected
D:\Tobias\Documents\Git\PVT-REST-API\app\utils\ActivityGatherer.java:78: class, interface, or enum expected
Read from stdout: D:\Tobias\Documents\Git\PVT-REST-API\app\utils\ActivityGatherer.java:80: class, interface, or enum expected
D:\Tobias\Documents\Git\PVT-REST-API\app\utils\ActivityGatherer.java:80: class, interface, or enum expected
Read from stdout: D:\Tobias\Documents\Git\PVT-REST-API\app\utils\ActivityGatherer.java:82: class, interface, or enum expected
D:\Tobias\Documents\Git\PVT-REST-API\app\utils\ActivityGatherer.java:82: class, interface, or enum expected
Read from stdout: (compile:compileIncremental) javac returned nonzero exit code
(compile:compileIncremental) javac returned nonzero exit code
Total time: 2 s, completed 2017-apr-25 05:25:22
> server-post-command-error-handler
> server-post-command-cleanup
> server-handle-next-server-request
> {file:/D:/Tobias/Documents/Git/PVT-REST-API/}root/compile:mainClass
Evaluating tasks: compile:mainClass
Running task... Cancel: sbt.server.ServerTaskCancellation@4f0b7c5, check cycles: false
Total time: 0 s, completed 2017-apr-25 05:25:22
> server-post-command-cleanup
> server-handle-next-server-request
> {file:/D:/Tobias/Documents/Git/PVT-REST-API/}root/compile:discoveredMainClasses
Evaluating tasks: compile:discoveredMainClasses
Running task... Cancel: sbt.server.ServerTaskCancellation@ddbf39, check cycles: false

Initial source changes: 
	removed:Set()
	added: Set(D:\Tobias\Documents\Git\PVT-REST-API\app\models\ActivityMuseum.java)
	modified: Set(D:\Tobias\Documents\Git\PVT-REST-API\app\models\Activity.java, D:\Tobias\Documents\Git\PVT-REST-API\app\utils\ActivityGatherer.java)
Removed products: Set()
External API changes: API Changes: Set()
Modified binary dependencies: Set()
Initial directly invalidated sources: Set(D:\Tobias\Documents\Git\PVT-REST-API\app\models\ActivityMuseum.java, D:\Tobias\Documents\Git\PVT-REST-API\app\models\Activity.java, D:\Tobias\Documents\Git\PVT-REST-API\app\utils\ActivityGatherer.java)

Sources indirectly invalidated by:
	product: Set()
	binary dep: Set()
	external source: Set()
All initially invalidated sources: Set(D:\Tobias\Documents\Git\PVT-REST-API\app\models\ActivityMuseum.java, D:\Tobias\Documents\Git\PVT-REST-API\app\models\Activity.java, D:\Tobias\Documents\Git\PVT-REST-API\app\utils\ActivityGatherer.java)

Read from stdout: Compiling 3 Java sources to D:\Tobias\Documents\Git\PVT-REST-API\target\scala-2.11\classes...
Compiling 3 Java sources to D:\Tobias\Documents\Git\PVT-REST-API\target\scala-2.11\classes...
Attempting to call com.sun.tools.javac.api.JavacTool@37a94830 directly...
Read from stdout: D:\Tobias\Documents\Git\PVT-REST-API\app\utils\ActivityGatherer.java:75: class, interface, or enum expected
D:\Tobias\Documents\Git\PVT-REST-API\app\utils\ActivityGatherer.java:75: class, interface, or enum expected
Read from stdout: public 
public 
Read from stdout: D:\Tobias\Documents\Git\PVT-REST-API\app\utils\ActivityGatherer.java:77: class, interface, or enum expected
D:\Tobias\Documents\Git\PVT-REST-API\app\utils\ActivityGatherer.java:77: class, interface, or enum expected
Read from stdout: D:\Tobias\Documents\Git\PVT-REST-API\app\utils\ActivityGatherer.java:78: class, interface, or enum expected
D:\Tobias\Documents\Git\PVT-REST-API\app\utils\ActivityGatherer.java:78: class, interface, or enum expected
Read from stdout: D:\Tobias\Documents\Git\PVT-REST-API\app\utils\ActivityGatherer.java:80: class, interface, or enum expected
D:\Tobias\Documents\Git\PVT-REST-API\app\utils\ActivityGatherer.java:80: class, interface, or enum expected
Read from stdout: D:\Tobias\Documents\Git\PVT-REST-API\app\utils\ActivityGatherer.java:82: class, interface, or enum expected
D:\Tobias\Documents\Git\PVT-REST-API\app\utils\ActivityGatherer.java:82: class, interface, or enum expected
Read from stdout: (compile:compileIncremental) javac returned nonzero exit code
(compile:compileIncremental) javac returned nonzero exit code
Total time: 1 s, completed 2017-apr-25 05:25:23
> server-post-command-error-handler
> server-post-command-cleanup
> server-handle-next-server-request
> compile
Evaluating tasks: compile:compile
Running task... Cancel: sbt.server.ServerTaskCancellation@d5e6ff7, check cycles: false

Initial source changes: 
	removed:Set()
	added: Set(D:\Tobias\Documents\Git\PVT-REST-API\app\models\ActivityMuseum.java)
	modified: Set(D:\Tobias\Documents\Git\PVT-REST-API\app\models\Activity.java, D:\Tobias\Documents\Git\PVT-REST-API\app\utils\ActivityGatherer.java)
Removed products: Set()
External API changes: API Changes: Set()
Modified binary dependencies: Set()
Initial directly invalidated sources: Set(D:\Tobias\Documents\Git\PVT-REST-API\app\models\ActivityMuseum.java, D:\Tobias\Documents\Git\PVT-REST-API\app\models\Activity.java, D:\Tobias\Documents\Git\PVT-REST-API\app\utils\ActivityGatherer.java)

Sources indirectly invalidated by:
	product: Set()
	binary dep: Set()
	external source: Set()
All initially invalidated sources: Set(D:\Tobias\Documents\Git\PVT-REST-API\app\models\ActivityMuseum.java, D:\Tobias\Documents\Git\PVT-REST-API\app\models\Activity.java, D:\Tobias\Documents\Git\PVT-REST-API\app\utils\ActivityGatherer.java)

Read from stdout: Compiling 3 Java sources to D:\Tobias\Documents\Git\PVT-REST-API\target\scala-2.11\classes...
Compiling 3 Java sources to D:\Tobias\Documents\Git\PVT-REST-API\target\scala-2.11\classes...
Attempting to call com.sun.tools.javac.api.JavacTool@25eb7c34 directly...
Java compilation took 0.691148519 s
Java analysis took 0.177605466 s
Java compile + analysis took 0.876952249 s
Invalidating D:\Tobias\Documents\Git\PVT-REST-API\app\models\ActivityMuseum.java...
Invalidating (transitively) by inheritance from D:\Tobias\Documents\Git\PVT-REST-API\app\models\ActivityMuseum.java...
Initial set of included nodes: Set(D:\Tobias\Documents\Git\PVT-REST-API\app\models\ActivityMuseum.java)
Invalidated by transitive inheritance dependency: Set(D:\Tobias\Documents\Git\PVT-REST-API\app\models\ActivityMuseum.java)
The D:\Tobias\Documents\Git\PVT-REST-API\app\models\ActivityMuseum.java source file has the following regular definitions changed:
	notify, refresh, name, findFutureRowCount, deletePermanent, nextId, wait, Model$Find, getAll, setId, insert, equals, markPropertyUnset, serverName, findEachWhile, all, findEach, setReadOnly, Model$Finder, db, query, ref, formatted_address, findPagedList, setAutoTune, setQuery, byId, notifyAll, setUseQueryCache, filter, setRawSql, select, getExpressionFactory, setUseCache, <init>, on, apply, findSet, order, findRowCount, orderBy, setMaxRows, delete, findIds, findByName, fetch, setLoadBeanCache, toString, markAsDirty, where, setFirstRow, getClass, findById, update, type, save, ActivityMuseum, findList, place_id, setForUpdate, hashCode, deleteById, findMap.
All member reference dependencies will be considered within this context.
Name hashing optimization doesn't apply to non-Scala dependency: D:\Tobias\Documents\Git\PVT-REST-API\app\utils\ActivityGatherer.java
Name hashing optimization doesn't apply to non-Scala dependency: D:\Tobias\Documents\Git\PVT-REST-API\app\models\ActivityMuseum.java
Invalidating D:\Tobias\Documents\Git\PVT-REST-API\app\models\Activity.java...
Invalidating (transitively) by inheritance from D:\Tobias\Documents\Git\PVT-REST-API\app\models\Activity.java...
Initial set of included nodes: Set(D:\Tobias\Documents\Git\PVT-REST-API\app\models\Activity.java)
Including D:\Tobias\Documents\Git\PVT-REST-API\app\models\ActivityMuseum.java by D:\Tobias\Documents\Git\PVT-REST-API\app\models\Activity.java
Invalidated by transitive inheritance dependency: Set(D:\Tobias\Documents\Git\PVT-REST-API\app\models\Activity.java, D:\Tobias\Documents\Git\PVT-REST-API\app\models\ActivityMuseum.java)
The D:\Tobias\Documents\Git\PVT-REST-API\app\models\Activity.java source file has the following regular definitions changed:
	place_id, formatted_address, <init>, id.
All member reference dependencies will be considered within this context.
Name hashing optimization doesn't apply to non-Scala dependency: D:\Tobias\Documents\Git\PVT-REST-API\app\models\Activity.java
Name hashing optimization doesn't apply to non-Scala dependency: D:\Tobias\Documents\Git\PVT-REST-API\app\controllers\SwipingSessionsController.java
Name hashing optimization doesn't apply to non-Scala dependency: D:\Tobias\Documents\Git\PVT-REST-API\app\utils\DemoData.java
Name hashing optimization doesn't apply to non-Scala dependency: D:\Tobias\Documents\Git\PVT-REST-API\app\utils\ActivityGenerator.java
Name hashing optimization doesn't apply to non-Scala dependency: D:\Tobias\Documents\Git\PVT-REST-API\app\utils\ActivityGatherer.java
Name hashing optimization doesn't apply to non-Scala dependency: D:\Tobias\Documents\Git\PVT-REST-API\app\models\ActivityMuseum.java
New invalidations:
	Set(D:\Tobias\Documents\Git\PVT-REST-API\app\controllers\SwipingSessionsController.java, D:\Tobias\Documents\Git\PVT-REST-API\app\utils\DemoData.java, D:\Tobias\Documents\Git\PVT-REST-API\app\utils\ActivityGenerator.java, D:\Tobias\Documents\Git\PVT-REST-API\app\utils\ActivityGatherer.java)
Initial set of included nodes: Set(D:\Tobias\Documents\Git\PVT-REST-API\app\controllers\SwipingSessionsController.java, D:\Tobias\Documents\Git\PVT-REST-API\app\utils\DemoData.java, D:\Tobias\Documents\Git\PVT-REST-API\app\utils\ActivityGenerator.java, D:\Tobias\Documents\Git\PVT-REST-API\app\utils\ActivityGatherer.java)
Including D:\Tobias\Documents\Git\PVT-REST-API\target\scala-2.11\routes\main\router\Routes.scala by D:\Tobias\Documents\Git\PVT-REST-API\app\controllers\SwipingSessionsController.java
Including D:\Tobias\Documents\Git\PVT-REST-API\app\utils\DemoDataModule.java by D:\Tobias\Documents\Git\PVT-REST-API\app\utils\DemoData.java
Including D:\Tobias\Documents\Git\PVT-REST-API\app\controllers\ActivityGatheringController.java by D:\Tobias\Documents\Git\PVT-REST-API\app\utils\ActivityGatherer.java
Previously invalidated, but (transitively) depend on new invalidations:
	Set()
All newly invalidated sources after taking into account (previously) recompiled sources:Set(D:\Tobias\Documents\Git\PVT-REST-API\app\controllers\SwipingSessionsController.java, D:\Tobias\Documents\Git\PVT-REST-API\app\utils\DemoData.java, D:\Tobias\Documents\Git\PVT-REST-API\app\utils\ActivityGenerator.java)
Read from stdout: Compiling 4 Java sources to D:\Tobias\Documents\Git\PVT-REST-API\target\scala-2.11\classes...
Compiling 4 Java sources to D:\Tobias\Documents\Git\PVT-REST-API\target\scala-2.11\classes...
Attempting to call com.sun.tools.javac.api.JavacTool@25eb7c34 directly...
Read from stdout: D:\Tobias\Documents\Git\PVT-REST-API\app\utils\DemoData.java:55: constructor Activity in class models.Activity cannot be applied to given types;
Read from stdout: required: no arguments
Read from stdout: found: java.lang.String
Read from stdout: reason: actual and formal argument lists differ in length
D:\Tobias\Documents\Git\PVT-REST-API\app\utils\DemoData.java:55: constructor Activity in class models.Activity cannot be applied to given types;
  required: no arguments
  found: java.lang.String
  reason: actual and formal argument lists differ in length
Read from stdout: new Activity("Moderna Museet")
new Activity("Moderna Museet")
Read from stdout: (compile:compileIncremental) javac returned nonzero exit code
(compile:compileIncremental) javac returned nonzero exit code
Total time: 2 s, completed 2017-apr-25 05:41:12
> server-post-command-error-handler
> server-post-command-cleanup
> server-handle-next-server-request
> compile
Evaluating tasks: compile:compile
Running task... Cancel: sbt.server.ServerTaskCancellation@19bcee15, check cycles: false

Initial source changes: 
	removed:Set()
	added: Set(D:\Tobias\Documents\Git\PVT-REST-API\app\models\ActivityMuseum.java)
	modified: Set(D:\Tobias\Documents\Git\PVT-REST-API\app\utils\DemoData.java, D:\Tobias\Documents\Git\PVT-REST-API\app\models\Activity.java, D:\Tobias\Documents\Git\PVT-REST-API\app\utils\ActivityGatherer.java)
Removed products: Set()
External API changes: API Changes: Set()
Modified binary dependencies: Set()
Initial directly invalidated sources: Set(D:\Tobias\Documents\Git\PVT-REST-API\app\utils\DemoData.java, D:\Tobias\Documents\Git\PVT-REST-API\app\models\ActivityMuseum.java, D:\Tobias\Documents\Git\PVT-REST-API\app\models\Activity.java, D:\Tobias\Documents\Git\PVT-REST-API\app\utils\ActivityGatherer.java)

Sources indirectly invalidated by:
	product: Set()
	binary dep: Set()
	external source: Set()
All initially invalidated sources: Set(D:\Tobias\Documents\Git\PVT-REST-API\app\utils\DemoData.java, D:\Tobias\Documents\Git\PVT-REST-API\app\models\ActivityMuseum.java, D:\Tobias\Documents\Git\PVT-REST-API\app\models\Activity.java, D:\Tobias\Documents\Git\PVT-REST-API\app\utils\ActivityGatherer.java)

Read from stdout: Compiling 4 Java sources to D:\Tobias\Documents\Git\PVT-REST-API\target\scala-2.11\classes...
Compiling 4 Java sources to D:\Tobias\Documents\Git\PVT-REST-API\target\scala-2.11\classes...
Attempting to call com.sun.tools.javac.api.JavacTool@611fe147 directly...
Java compilation took 0.390367002 s
Java analysis took 0.088047087 s
Java compile + analysis took 0.485128166 s
Invalidating D:\Tobias\Documents\Git\PVT-REST-API\app\models\ActivityMuseum.java...
Invalidating (transitively) by inheritance from D:\Tobias\Documents\Git\PVT-REST-API\app\models\ActivityMuseum.java...
Initial set of included nodes: Set(D:\Tobias\Documents\Git\PVT-REST-API\app\models\ActivityMuseum.java)
Invalidated by transitive inheritance dependency: Set(D:\Tobias\Documents\Git\PVT-REST-API\app\models\ActivityMuseum.java)
The D:\Tobias\Documents\Git\PVT-REST-API\app\models\ActivityMuseum.java source file has the following regular definitions changed:
	notify, refresh, name, findFutureRowCount, deletePermanent, nextId, wait, Model$Find, getAll, setId, insert, equals, markPropertyUnset, serverName, findEachWhile, all, findEach, setReadOnly, Model$Finder, db, query, ref, formatted_address, findPagedList, setAutoTune, setQuery, byId, notifyAll, setUseQueryCache, filter, setRawSql, select, getExpressionFactory, setUseCache, <init>, on, apply, findSet, order, findRowCount, orderBy, setMaxRows, delete, findIds, findByName, fetch, setLoadBeanCache, toString, markAsDirty, where, setFirstRow, getClass, findById, update, type, save, ActivityMuseum, findList, place_id, setForUpdate, hashCode, deleteById, findMap.
All member reference dependencies will be considered within this context.
Name hashing optimization doesn't apply to non-Scala dependency: D:\Tobias\Documents\Git\PVT-REST-API\app\utils\ActivityGatherer.java
Name hashing optimization doesn't apply to non-Scala dependency: D:\Tobias\Documents\Git\PVT-REST-API\app\models\ActivityMuseum.java
Invalidating D:\Tobias\Documents\Git\PVT-REST-API\app\models\Activity.java...
Invalidating (transitively) by inheritance from D:\Tobias\Documents\Git\PVT-REST-API\app\models\Activity.java...
Initial set of included nodes: Set(D:\Tobias\Documents\Git\PVT-REST-API\app\models\Activity.java)
Including D:\Tobias\Documents\Git\PVT-REST-API\app\models\ActivityMuseum.java by D:\Tobias\Documents\Git\PVT-REST-API\app\models\Activity.java
Invalidated by transitive inheritance dependency: Set(D:\Tobias\Documents\Git\PVT-REST-API\app\models\Activity.java, D:\Tobias\Documents\Git\PVT-REST-API\app\models\ActivityMuseum.java)
The D:\Tobias\Documents\Git\PVT-REST-API\app\models\Activity.java source file has the following regular definitions changed:
	place_id, formatted_address, <init>, id.
All member reference dependencies will be considered within this context.
Name hashing optimization doesn't apply to non-Scala dependency: D:\Tobias\Documents\Git\PVT-REST-API\app\utils\DemoData.java
Name hashing optimization doesn't apply to non-Scala dependency: D:\Tobias\Documents\Git\PVT-REST-API\app\models\Activity.java
Name hashing optimization doesn't apply to non-Scala dependency: D:\Tobias\Documents\Git\PVT-REST-API\app\controllers\SwipingSessionsController.java
Name hashing optimization doesn't apply to non-Scala dependency: D:\Tobias\Documents\Git\PVT-REST-API\app\utils\ActivityGenerator.java
Name hashing optimization doesn't apply to non-Scala dependency: D:\Tobias\Documents\Git\PVT-REST-API\app\utils\ActivityGatherer.java
Name hashing optimization doesn't apply to non-Scala dependency: D:\Tobias\Documents\Git\PVT-REST-API\app\models\ActivityMuseum.java
New invalidations:
	Set(D:\Tobias\Documents\Git\PVT-REST-API\app\controllers\SwipingSessionsController.java, D:\Tobias\Documents\Git\PVT-REST-API\app\utils\DemoData.java, D:\Tobias\Documents\Git\PVT-REST-API\app\utils\ActivityGenerator.java, D:\Tobias\Documents\Git\PVT-REST-API\app\utils\ActivityGatherer.java)
Initial set of included nodes: Set(D:\Tobias\Documents\Git\PVT-REST-API\app\controllers\SwipingSessionsController.java, D:\Tobias\Documents\Git\PVT-REST-API\app\utils\DemoData.java, D:\Tobias\Documents\Git\PVT-REST-API\app\utils\ActivityGenerator.java, D:\Tobias\Documents\Git\PVT-REST-API\app\utils\ActivityGatherer.java)
Including D:\Tobias\Documents\Git\PVT-REST-API\target\scala-2.11\routes\main\router\Routes.scala by D:\Tobias\Documents\Git\PVT-REST-API\app\controllers\SwipingSessionsController.java
Including D:\Tobias\Documents\Git\PVT-REST-API\app\utils\DemoDataModule.java by D:\Tobias\Documents\Git\PVT-REST-API\app\utils\DemoData.java
Including D:\Tobias\Documents\Git\PVT-REST-API\app\controllers\ActivityGatheringController.java by D:\Tobias\Documents\Git\PVT-REST-API\app\utils\ActivityGatherer.java
Previously invalidated, but (transitively) depend on new invalidations:
	Set()
All newly invalidated sources after taking into account (previously) recompiled sources:Set(D:\Tobias\Documents\Git\PVT-REST-API\app\controllers\SwipingSessionsController.java, D:\Tobias\Documents\Git\PVT-REST-API\app\utils\ActivityGenerator.java)
Read from stdout: Compiling 4 Java sources to D:\Tobias\Documents\Git\PVT-REST-API\target\scala-2.11\classes...
Compiling 4 Java sources to D:\Tobias\Documents\Git\PVT-REST-API\target\scala-2.11\classes...
Attempting to call com.sun.tools.javac.api.JavacTool@611fe147 directly...
Java compilation took 0.218166108 s
Java analysis took 0.113486372 s
Java compile + analysis took 0.337978946 s
New invalidations:
	Set()
Initial set of included nodes: Set()
Previously invalidated, but (transitively) depend on new invalidations:
	Set()
All newly invalidated sources after taking into account (previously) recompiled sources:Set()
Total time: 2 s, completed 2017-apr-25 05:42:06
> server-post-command-cleanup
> server-handle-next-server-request
> compile
Evaluating tasks: compile:compile
Running task... Cancel: sbt.server.ServerTaskCancellation@7c4cc32b, check cycles: false
Invalidating D:\Tobias\Documents\Git\PVT-REST-API\target\scala-2.11\classes\models\ActivityMuseum.class: stamp changed from lastModified(1493091725608) to lastModified(1493091726441)

Initial source changes: 
	removed:Set()
	added: Set()
	modified: Set(D:\Tobias\Documents\Git\PVT-REST-API\app\utils\DemoData.java)
Removed products: Set()
External API changes: API Changes: Set()
Modified binary dependencies: Set(D:\Tobias\Documents\Git\PVT-REST-API\target\scala-2.11\classes\models\ActivityMuseum.class)
Initial directly invalidated sources: Set(D:\Tobias\Documents\Git\PVT-REST-API\app\utils\DemoData.java)

Sources indirectly invalidated by:
	product: Set()
	binary dep: Set(D:\Tobias\Documents\Git\PVT-REST-API\app\utils\ActivityGatherer.java)
	external source: Set()
All initially invalidated sources: Set(D:\Tobias\Documents\Git\PVT-REST-API\app\utils\DemoData.java, D:\Tobias\Documents\Git\PVT-REST-API\app\utils\ActivityGatherer.java)

Read from stdout: Compiling 2 Java sources to D:\Tobias\Documents\Git\PVT-REST-API\target\scala-2.11\classes...
Compiling 2 Java sources to D:\Tobias\Documents\Git\PVT-REST-API\target\scala-2.11\classes...
Attempting to call com.sun.tools.javac.api.JavacTool@57404316 directly...
Java compilation took 0.191300161 s
Java analysis took 0.032138304 s
Java compile + analysis took 0.232134569 s
New invalidations:
	Set()
Initial set of included nodes: Set()
Previously invalidated, but (transitively) depend on new invalidations:
	Set()
All newly invalidated sources after taking into account (previously) recompiled sources:Set()
Total time: 1 s, completed 2017-apr-25 05:42:26
> server-post-command-cleanup
> server-handle-next-server-request
> backgroundRun
Evaluating tasks: compile:backgroundRun
Running task... Cancel: sbt.server.ServerTaskCancellation@50a38b4f, check cycles: false
Total time: 0 s, completed 2017-apr-25 05:42:38
> server-post-command-cleanup
> server-handle-next-server-request
> {file:/D:/Tobias/Documents/Git/PVT-REST-API/}root/*:playForkConfig
Evaluating tasks: *:playForkConfig
Running task... Cancel: sbt.server.ServerTaskCancellation@78bc6aac, check cycles: false
Total time: 1 s, completed 2017-apr-25 05:42:40
> server-post-command-cleanup
> server-handle-next-server-request
> root/playForkNotifyStart http://localhost:9000
Evaluating tasks: *:playForkNotifyStart
Running task... Cancel: sbt.server.ServerTaskCancellation@3854eb3e, check cycles: false
Total time: 0 s, completed 2017-apr-25 05:42:42
> server-post-command-cleanup
> server-handle-next-server-request
> {file:/D:/Tobias/Documents/Git/PVT-REST-API/}root/*:playForkReload
Evaluating tasks: *:playForkReload
Running task... Cancel: sbt.server.ServerTaskCancellation@3b936fd0, check cycles: false

Initial source changes: 
	removed:Set()
	added: Set()
	modified: Set()
Removed products: Set()
External API changes: API Changes: Set()
Modified binary dependencies: Set()
Initial directly invalidated sources: Set()

Sources indirectly invalidated by:
	product: Set()
	binary dep: Set()
	external source: Set()
All initially invalidated sources: Set()

Copy resource mappings: 
	(D:\Tobias\Documents\Git\PVT-REST-API\conf\application.conf,D:\Tobias\Documents\Git\PVT-REST-API\target\scala-2.11\classes\application.conf)
	(D:\Tobias\Documents\Git\PVT-REST-API\conf\application.test.conf,D:\Tobias\Documents\Git\PVT-REST-API\target\scala-2.11\classes\application.test.conf)
	(D:\Tobias\Documents\Git\PVT-REST-API\conf\evolutions,D:\Tobias\Documents\Git\PVT-REST-API\target\scala-2.11\classes\evolutions)
	(D:\Tobias\Documents\Git\PVT-REST-API\conf\logback.xml,D:\Tobias\Documents\Git\PVT-REST-API\target\scala-2.11\classes\logback.xml)
	(D:\Tobias\Documents\Git\PVT-REST-API\conf\routes,D:\Tobias\Documents\Git\PVT-REST-API\target\scala-2.11\classes\routes)
	(D:\Tobias\Documents\Git\PVT-REST-API\conf\evolutions\default,D:\Tobias\Documents\Git\PVT-REST-API\target\scala-2.11\classes\evolutions\default)
	(D:\Tobias\Documents\Git\PVT-REST-API\conf\evolutions\default\1.sql,D:\Tobias\Documents\Git\PVT-REST-API\target\scala-2.11\classes\evolutions\default\1.sql)
Warning: node.js detection failed, sbt will use the Rhino based Trireme JavaScript engine instead to run JavaScript assets compilation, which in some cases may be orders of magnitude slower than using node.js.
Total time: 1 s, completed 2017-apr-25 05:43:20
> server-post-command-cleanup
> server-handle-next-server-request
> compile
Evaluating tasks: compile:compile
Running task... Cancel: sbt.server.ServerTaskCancellation@6f604305, check cycles: false

Initial source changes: 
	removed:Set()
	added: Set()
	modified: Set(D:\Tobias\Documents\Git\PVT-REST-API\app\utils\DemoData.java, D:\Tobias\Documents\Git\PVT-REST-API\app\models\Activity.java)
Removed products: Set()
External API changes: API Changes: Set()
Modified binary dependencies: Set()
Initial directly invalidated sources: Set(D:\Tobias\Documents\Git\PVT-REST-API\app\utils\DemoData.java, D:\Tobias\Documents\Git\PVT-REST-API\app\models\Activity.java)

Sources indirectly invalidated by:
	product: Set()
	binary dep: Set()
	external source: Set()
All initially invalidated sources: Set(D:\Tobias\Documents\Git\PVT-REST-API\app\utils\DemoData.java, D:\Tobias\Documents\Git\PVT-REST-API\app\models\Activity.java)

Read from stdout: Compiling 2 Java sources to D:\Tobias\Documents\Git\PVT-REST-API\target\scala-2.11\classes...
Compiling 2 Java sources to D:\Tobias\Documents\Git\PVT-REST-API\target\scala-2.11\classes...
Attempting to call com.sun.tools.javac.api.JavacTool@294f46a directly...
Java compilation took 0.155055345 s
Java analysis took 0.117949172 s
Java compile + analysis took 0.288862245 s
Invalidating D:\Tobias\Documents\Git\PVT-REST-API\app\models\Activity.java...
Invalidating (transitively) by inheritance from D:\Tobias\Documents\Git\PVT-REST-API\app\models\Activity.java...
Initial set of included nodes: Set(D:\Tobias\Documents\Git\PVT-REST-API\app\models\Activity.java)
Including D:\Tobias\Documents\Git\PVT-REST-API\app\models\ActivityMuseum.java by D:\Tobias\Documents\Git\PVT-REST-API\app\models\Activity.java
Invalidated by transitive inheritance dependency: Set(D:\Tobias\Documents\Git\PVT-REST-API\app\models\Activity.java, D:\Tobias\Documents\Git\PVT-REST-API\app\models\ActivityMuseum.java)
The D:\Tobias\Documents\Git\PVT-REST-API\app\models\Activity.java source file has the following regular definitions changed:
	<init>.
All member reference dependencies will be considered within this context.
Name hashing optimization doesn't apply to non-Scala dependency: D:\Tobias\Documents\Git\PVT-REST-API\app\utils\DemoData.java
Name hashing optimization doesn't apply to non-Scala dependency: D:\Tobias\Documents\Git\PVT-REST-API\app\models\Activity.java
Name hashing optimization doesn't apply to non-Scala dependency: D:\Tobias\Documents\Git\PVT-REST-API\app\controllers\SwipingSessionsController.java
Name hashing optimization doesn't apply to non-Scala dependency: D:\Tobias\Documents\Git\PVT-REST-API\app\utils\ActivityGenerator.java
Name hashing optimization doesn't apply to non-Scala dependency: D:\Tobias\Documents\Git\PVT-REST-API\app\utils\ActivityGatherer.java
Name hashing optimization doesn't apply to non-Scala dependency: D:\Tobias\Documents\Git\PVT-REST-API\app\models\ActivityMuseum.java
New invalidations:
	Set(D:\Tobias\Documents\Git\PVT-REST-API\app\controllers\SwipingSessionsController.java, D:\Tobias\Documents\Git\PVT-REST-API\app\utils\DemoData.java, D:\Tobias\Documents\Git\PVT-REST-API\app\models\ActivityMuseum.java, D:\Tobias\Documents\Git\PVT-REST-API\app\utils\ActivityGenerator.java, D:\Tobias\Documents\Git\PVT-REST-API\app\utils\ActivityGatherer.java)
Initial set of included nodes: Set(D:\Tobias\Documents\Git\PVT-REST-API\app\controllers\SwipingSessionsController.java, D:\Tobias\Documents\Git\PVT-REST-API\app\utils\DemoData.java, D:\Tobias\Documents\Git\PVT-REST-API\app\models\ActivityMuseum.java, D:\Tobias\Documents\Git\PVT-REST-API\app\utils\ActivityGenerator.java, D:\Tobias\Documents\Git\PVT-REST-API\app\utils\ActivityGatherer.java)
Including D:\Tobias\Documents\Git\PVT-REST-API\target\scala-2.11\routes\main\router\Routes.scala by D:\Tobias\Documents\Git\PVT-REST-API\app\controllers\SwipingSessionsController.java
Including D:\Tobias\Documents\Git\PVT-REST-API\app\utils\DemoDataModule.java by D:\Tobias\Documents\Git\PVT-REST-API\app\utils\DemoData.java
Including D:\Tobias\Documents\Git\PVT-REST-API\app\utils\ActivityGatherer.java by D:\Tobias\Documents\Git\PVT-REST-API\app\models\ActivityMuseum.java
Including D:\Tobias\Documents\Git\PVT-REST-API\app\controllers\ActivityGatheringController.java by D:\Tobias\Documents\Git\PVT-REST-API\app\utils\ActivityGatherer.java
Previously invalidated, but (transitively) depend on new invalidations:
	Set()
All newly invalidated sources after taking into account (previously) recompiled sources:Set(D:\Tobias\Documents\Git\PVT-REST-API\app\controllers\SwipingSessionsController.java, D:\Tobias\Documents\Git\PVT-REST-API\app\models\ActivityMuseum.java, D:\Tobias\Documents\Git\PVT-REST-API\app\utils\ActivityGenerator.java, D:\Tobias\Documents\Git\PVT-REST-API\app\utils\ActivityGatherer.java)
Read from stdout: Compiling 5 Java sources to D:\Tobias\Documents\Git\PVT-REST-API\target\scala-2.11\classes...
Compiling 5 Java sources to D:\Tobias\Documents\Git\PVT-REST-API\target\scala-2.11\classes...
Attempting to call com.sun.tools.javac.api.JavacTool@294f46a directly...
Read from stdout: D:\Tobias\Documents\Git\PVT-REST-API\app\models\ActivityMuseum.java:5: constructor Activity in class models.Activity cannot be applied to given types;
Read from stdout: required: java.lang.String
Read from stdout: found: no arguments
Read from stdout: reason: actual and formal argument lists differ in length
D:\Tobias\Documents\Git\PVT-REST-API\app\models\ActivityMuseum.java:5: constructor Activity in class models.Activity cannot be applied to given types;
  required: java.lang.String
  found: no arguments
  reason: actual and formal argument lists differ in length
Read from stdout: (compile:compileIncremental) javac returned nonzero exit code
(compile:compileIncremental) javac returned nonzero exit code
Total time: 1 s, completed 2017-apr-25 05:45:31
> server-post-command-error-handler
> server-post-command-cleanup
> server-handle-next-server-request
> compile
Evaluating tasks: compile:compile
Running task... Cancel: sbt.server.ServerTaskCancellation@ffaf720, check cycles: false

Initial source changes: 
	removed:Set()
	added: Set()
	modified: Set(D:\Tobias\Documents\Git\PVT-REST-API\app\utils\DemoData.java, D:\Tobias\Documents\Git\PVT-REST-API\app\models\ActivityMuseum.java, D:\Tobias\Documents\Git\PVT-REST-API\app\models\Activity.java)
Removed products: Set()
External API changes: API Changes: Set()
Modified binary dependencies: Set()
Initial directly invalidated sources: Set(D:\Tobias\Documents\Git\PVT-REST-API\app\utils\DemoData.java, D:\Tobias\Documents\Git\PVT-REST-API\app\models\ActivityMuseum.java, D:\Tobias\Documents\Git\PVT-REST-API\app\models\Activity.java)

Sources indirectly invalidated by:
	product: Set()
	binary dep: Set()
	external source: Set()
All initially invalidated sources: Set(D:\Tobias\Documents\Git\PVT-REST-API\app\utils\DemoData.java, D:\Tobias\Documents\Git\PVT-REST-API\app\models\ActivityMuseum.java, D:\Tobias\Documents\Git\PVT-REST-API\app\models\Activity.java)

Read from stdout: Compiling 3 Java sources to D:\Tobias\Documents\Git\PVT-REST-API\target\scala-2.11\classes...
Compiling 3 Java sources to D:\Tobias\Documents\Git\PVT-REST-API\target\scala-2.11\classes...
Attempting to call com.sun.tools.javac.api.JavacTool@2df92ff4 directly...
Java compilation took 0.199059312 s
Java analysis took 0.065917406 s
Java compile + analysis took 0.271631163 s
Invalidating D:\Tobias\Documents\Git\PVT-REST-API\app\models\Activity.java...
Invalidating (transitively) by inheritance from D:\Tobias\Documents\Git\PVT-REST-API\app\models\Activity.java...
Initial set of included nodes: Set(D:\Tobias\Documents\Git\PVT-REST-API\app\models\Activity.java)
Including D:\Tobias\Documents\Git\PVT-REST-API\app\models\ActivityMuseum.java by D:\Tobias\Documents\Git\PVT-REST-API\app\models\Activity.java
Invalidated by transitive inheritance dependency: Set(D:\Tobias\Documents\Git\PVT-REST-API\app\models\Activity.java, D:\Tobias\Documents\Git\PVT-REST-API\app\models\ActivityMuseum.java)
The D:\Tobias\Documents\Git\PVT-REST-API\app\models\Activity.java source file has the following regular definitions changed:
	<init>.
All member reference dependencies will be considered within this context.
Name hashing optimization doesn't apply to non-Scala dependency: D:\Tobias\Documents\Git\PVT-REST-API\app\utils\DemoData.java
Name hashing optimization doesn't apply to non-Scala dependency: D:\Tobias\Documents\Git\PVT-REST-API\app\models\Activity.java
Name hashing optimization doesn't apply to non-Scala dependency: D:\Tobias\Documents\Git\PVT-REST-API\app\controllers\SwipingSessionsController.java
Name hashing optimization doesn't apply to non-Scala dependency: D:\Tobias\Documents\Git\PVT-REST-API\app\utils\ActivityGenerator.java
Name hashing optimization doesn't apply to non-Scala dependency: D:\Tobias\Documents\Git\PVT-REST-API\app\models\ActivityMuseum.java
Name hashing optimization doesn't apply to non-Scala dependency: D:\Tobias\Documents\Git\PVT-REST-API\app\utils\ActivityGatherer.java
New invalidations:
	Set(D:\Tobias\Documents\Git\PVT-REST-API\app\controllers\SwipingSessionsController.java, D:\Tobias\Documents\Git\PVT-REST-API\app\utils\DemoData.java, D:\Tobias\Documents\Git\PVT-REST-API\app\models\ActivityMuseum.java, D:\Tobias\Documents\Git\PVT-REST-API\app\utils\ActivityGenerator.java, D:\Tobias\Documents\Git\PVT-REST-API\app\utils\ActivityGatherer.java)
Initial set of included nodes: Set(D:\Tobias\Documents\Git\PVT-REST-API\app\controllers\SwipingSessionsController.java, D:\Tobias\Documents\Git\PVT-REST-API\app\utils\DemoData.java, D:\Tobias\Documents\Git\PVT-REST-API\app\models\ActivityMuseum.java, D:\Tobias\Documents\Git\PVT-REST-API\app\utils\ActivityGenerator.java, D:\Tobias\Documents\Git\PVT-REST-API\app\utils\ActivityGatherer.java)
Including D:\Tobias\Documents\Git\PVT-REST-API\target\scala-2.11\routes\main\router\Routes.scala by D:\Tobias\Documents\Git\PVT-REST-API\app\controllers\SwipingSessionsController.java
Including D:\Tobias\Documents\Git\PVT-REST-API\app\utils\DemoDataModule.java by D:\Tobias\Documents\Git\PVT-REST-API\app\utils\DemoData.java
Including D:\Tobias\Documents\Git\PVT-REST-API\app\utils\ActivityGatherer.java by D:\Tobias\Documents\Git\PVT-REST-API\app\models\ActivityMuseum.java
Including D:\Tobias\Documents\Git\PVT-REST-API\app\controllers\ActivityGatheringController.java by D:\Tobias\Documents\Git\PVT-REST-API\app\utils\ActivityGatherer.java
Previously invalidated, but (transitively) depend on new invalidations:
	Set()
All newly invalidated sources after taking into account (previously) recompiled sources:Set(D:\Tobias\Documents\Git\PVT-REST-API\app\controllers\SwipingSessionsController.java, D:\Tobias\Documents\Git\PVT-REST-API\app\utils\ActivityGenerator.java, D:\Tobias\Documents\Git\PVT-REST-API\app\utils\ActivityGatherer.java)
Read from stdout: Compiling 5 Java sources to D:\Tobias\Documents\Git\PVT-REST-API\target\scala-2.11\classes...
Compiling 5 Java sources to D:\Tobias\Documents\Git\PVT-REST-API\target\scala-2.11\classes...
Attempting to call com.sun.tools.javac.api.JavacTool@2df92ff4 directly...
Java compilation took 0.149454709 s
Java analysis took 0.084058937 s
Java compile + analysis took 0.240773151 s
New invalidations:
	Set()
Initial set of included nodes: Set()
Previously invalidated, but (transitively) depend on new invalidations:
	Set()
All newly invalidated sources after taking into account (previously) recompiled sources:Set()
Total time: 1 s, completed 2017-apr-25 05:45:41
> server-post-command-cleanup
> server-handle-next-server-request
> compile
Evaluating tasks: compile:compile
Running task... Cancel: sbt.server.ServerTaskCancellation@7efb2021, check cycles: false

Initial source changes: 
	removed:Set()
	added: Set()
	modified: Set()
Removed products: Set()
External API changes: API Changes: Set()
Modified binary dependencies: Set()
Initial directly invalidated sources: Set()

Sources indirectly invalidated by:
	product: Set()
	binary dep: Set()
	external source: Set()
All initially invalidated sources: Set()

Total time: 0 s, completed 2017-apr-25 05:46:00
> server-post-command-cleanup
> server-handle-next-server-request
> {file:/D:/Tobias/Documents/Git/PVT-REST-API/}root/*:playForkReload
Evaluating tasks: *:playForkReload
Running task... Cancel: sbt.server.ServerTaskCancellation@3c8ab0c6, check cycles: false

Initial source changes: 
	removed:Set()
	added: Set()
	modified: Set()
Removed products: Set()
External API changes: API Changes: Set()
Modified binary dependencies: Set()
Initial directly invalidated sources: Set()

Sources indirectly invalidated by:
	product: Set()
	binary dep: Set()
	external source: Set()
All initially invalidated sources: Set()

Copy resource mappings: 
	(D:\Tobias\Documents\Git\PVT-REST-API\conf\application.conf,D:\Tobias\Documents\Git\PVT-REST-API\target\scala-2.11\classes\application.conf)
	(D:\Tobias\Documents\Git\PVT-REST-API\conf\application.test.conf,D:\Tobias\Documents\Git\PVT-REST-API\target\scala-2.11\classes\application.test.conf)
	(D:\Tobias\Documents\Git\PVT-REST-API\conf\evolutions,D:\Tobias\Documents\Git\PVT-REST-API\target\scala-2.11\classes\evolutions)
	(D:\Tobias\Documents\Git\PVT-REST-API\conf\logback.xml,D:\Tobias\Documents\Git\PVT-REST-API\target\scala-2.11\classes\logback.xml)
	(D:\Tobias\Documents\Git\PVT-REST-API\conf\routes,D:\Tobias\Documents\Git\PVT-REST-API\target\scala-2.11\classes\routes)
	(D:\Tobias\Documents\Git\PVT-REST-API\conf\evolutions\default,D:\Tobias\Documents\Git\PVT-REST-API\target\scala-2.11\classes\evolutions\default)
	(D:\Tobias\Documents\Git\PVT-REST-API\conf\evolutions\default\1.sql,D:\Tobias\Documents\Git\PVT-REST-API\target\scala-2.11\classes\evolutions\default\1.sql)
Total time: 1 s, completed 2017-apr-25 05:46:12
> server-post-command-cleanup
> server-handle-next-server-request
> compile
Evaluating tasks: compile:compile
Running task... Cancel: sbt.server.ServerTaskCancellation@bd351ca, check cycles: false

Initial source changes: 
	removed:Set()
	added: Set()
	modified: Set()
Removed products: Set()
External API changes: API Changes: Set()
Modified binary dependencies: Set()
Initial directly invalidated sources: Set()

Sources indirectly invalidated by:
	product: Set()
	binary dep: Set()
	external source: Set()
All initially invalidated sources: Set()

Total time: 0 s, completed 2017-apr-25 06:14:25
> server-post-command-cleanup
> server-handle-next-server-request
> compile
Evaluating tasks: compile:compile
Running task... Cancel: sbt.server.ServerTaskCancellation@f79b7c8, check cycles: false

Initial source changes: 
	removed:Set()
	added: Set()
	modified: Set(D:\Tobias\Documents\Git\PVT-REST-API\app\utils\ActivityGatherer.java)
Removed products: Set()
External API changes: API Changes: Set()
Modified binary dependencies: Set()
Initial directly invalidated sources: Set(D:\Tobias\Documents\Git\PVT-REST-API\app\utils\ActivityGatherer.java)

Sources indirectly invalidated by:
	product: Set()
	binary dep: Set()
	external source: Set()
All initially invalidated sources: Set(D:\Tobias\Documents\Git\PVT-REST-API\app\utils\ActivityGatherer.java)

Read from stdout: Compiling 1 Java source to D:\Tobias\Documents\Git\PVT-REST-API\target\scala-2.11\classes...
Compiling 1 Java source to D:\Tobias\Documents\Git\PVT-REST-API\target\scala-2.11\classes...
Attempting to call com.sun.tools.javac.api.JavacTool@3e6eda45 directly...
Java compilation took 0.368980619 s
Java analysis took 0.022313699 s
Java compile + analysis took 0.398447808 s
New invalidations:
	Set()
Initial set of included nodes: Set()
Previously invalidated, but (transitively) depend on new invalidations:
	Set()
All newly invalidated sources after taking into account (previously) recompiled sources:Set()
Total time: 1 s, completed 2017-apr-25 06:20:37
> server-post-command-cleanup
> server-handle-next-server-request
> compile
Evaluating tasks: compile:compile
Running task... Cancel: sbt.server.ServerTaskCancellation@7692f43b, check cycles: false

Initial source changes: 
	removed:Set()
	added: Set()
	modified: Set(D:\Tobias\Documents\Git\PVT-REST-API\app\utils\DemoData.java)
Removed products: Set()
External API changes: API Changes: Set()
Modified binary dependencies: Set()
Initial directly invalidated sources: Set(D:\Tobias\Documents\Git\PVT-REST-API\app\utils\DemoData.java)

Sources indirectly invalidated by:
	product: Set()
	binary dep: Set()
	external source: Set()
All initially invalidated sources: Set(D:\Tobias\Documents\Git\PVT-REST-API\app\utils\DemoData.java)

Read from stdout: Compiling 1 Java source to D:\Tobias\Documents\Git\PVT-REST-API\target\scala-2.11\classes...
Compiling 1 Java source to D:\Tobias\Documents\Git\PVT-REST-API\target\scala-2.11\classes...
Attempting to call com.sun.tools.javac.api.JavacTool@7555a4b9 directly...
Read from stdout: D:\Tobias\Documents\Git\PVT-REST-API\app\utils\DemoData.java:60: no suitable method found for add(no arguments)
Read from stdout: method java.util.Collection.add(models.Activity) is not applicable
Read from stdout: (actual and formal argument lists differ in length)
Read from stdout: method java.util.Set.add(models.Activity) is not applicable
Read from stdout: (actual and formal argument lists differ in length)
D:\Tobias\Documents\Git\PVT-REST-API\app\utils\DemoData.java:60: no suitable method found for add(no arguments)
    method java.util.Collection.add(models.Activity) is not applicable
      (actual and formal argument lists differ in length)
    method java.util.Set.add(models.Activity) is not applicable
      (actual and formal argument lists differ in length)
Read from stdout: activities.add
activities.add
Read from stdout: (compile:compileIncremental) javac returned nonzero exit code
(compile:compileIncremental) javac returned nonzero exit code
Total time: 1 s, completed 2017-apr-25 06:20:39
> server-post-command-error-handler
> server-post-command-cleanup
> server-handle-next-server-request
> compile
Evaluating tasks: compile:compile
Running task... Cancel: sbt.server.ServerTaskCancellation@46af8b9d, check cycles: false

Initial source changes: 
	removed:Set()
	added: Set()
	modified: Set(D:\Tobias\Documents\Git\PVT-REST-API\app\utils\DemoData.java)
Removed products: Set()
External API changes: API Changes: Set()
Modified binary dependencies: Set()
Initial directly invalidated sources: Set(D:\Tobias\Documents\Git\PVT-REST-API\app\utils\DemoData.java)

Sources indirectly invalidated by:
	product: Set()
	binary dep: Set()
	external source: Set()
All initially invalidated sources: Set(D:\Tobias\Documents\Git\PVT-REST-API\app\utils\DemoData.java)

Read from stdout: Compiling 1 Java source to D:\Tobias\Documents\Git\PVT-REST-API\target\scala-2.11\classes...
Compiling 1 Java source to D:\Tobias\Documents\Git\PVT-REST-API\target\scala-2.11\classes...
Attempting to call com.sun.tools.javac.api.JavacTool@434f1ac3 directly...
Read from stdout: D:\Tobias\Documents\Git\PVT-REST-API\app\utils\DemoData.java:62: cannot find symbol
Read from stdout: symbol:   variable activities
Read from stdout: location: class utils.DemoData
D:\Tobias\Documents\Git\PVT-REST-API\app\utils\DemoData.java:62: cannot find symbol
  symbol:   variable activities
  location: class utils.DemoData
Read from stdout: activities
activities
Read from stdout: (compile:compileIncremental) javac returned nonzero exit code
(compile:compileIncremental) javac returned nonzero exit code
Total time: 1 s, completed 2017-apr-25 06:21:18
> server-post-command-error-handler
> server-post-command-cleanup
> server-handle-next-server-request
> compile
Evaluating tasks: compile:compile
Running task... Cancel: sbt.server.ServerTaskCancellation@6015564b, check cycles: false

Initial source changes: 
	removed:Set()
	added: Set()
	modified: Set(D:\Tobias\Documents\Git\PVT-REST-API\app\utils\DemoData.java)
Removed products: Set()
External API changes: API Changes: Set()
Modified binary dependencies: Set()
Initial directly invalidated sources: Set(D:\Tobias\Documents\Git\PVT-REST-API\app\utils\DemoData.java)

Sources indirectly invalidated by:
	product: Set()
	binary dep: Set()
	external source: Set()
All initially invalidated sources: Set(D:\Tobias\Documents\Git\PVT-REST-API\app\utils\DemoData.java)

Read from stdout: Compiling 1 Java source to D:\Tobias\Documents\Git\PVT-REST-API\target\scala-2.11\classes...
Compiling 1 Java source to D:\Tobias\Documents\Git\PVT-REST-API\target\scala-2.11\classes...
Attempting to call com.sun.tools.javac.api.JavacTool@6dd7bd20 directly...
Java compilation took 0.255861378 s
Java analysis took 0.056306333 s
Java compile + analysis took 0.323045221 s
New invalidations:
	Set()
Initial set of included nodes: Set()
Previously invalidated, but (transitively) depend on new invalidations:
	Set()
All newly invalidated sources after taking into account (previously) recompiled sources:Set()
Total time: 1 s, completed 2017-apr-25 06:21:29
> server-post-command-cleanup
> server-handle-next-server-request
> {file:/D:/Tobias/Documents/Git/PVT-REST-API/}root/*:playForkReload
Evaluating tasks: *:playForkReload
Running task... Cancel: sbt.server.ServerTaskCancellation@29813bde, check cycles: false

Initial source changes: 
	removed:Set()
	added: Set()
	modified: Set()
Removed products: Set()
External API changes: API Changes: Set()
Modified binary dependencies: Set()
Initial directly invalidated sources: Set()

Sources indirectly invalidated by:
	product: Set()
	binary dep: Set()
	external source: Set()
All initially invalidated sources: Set()

Copy resource mappings: 
	(D:\Tobias\Documents\Git\PVT-REST-API\conf\application.conf,D:\Tobias\Documents\Git\PVT-REST-API\target\scala-2.11\classes\application.conf)
	(D:\Tobias\Documents\Git\PVT-REST-API\conf\application.test.conf,D:\Tobias\Documents\Git\PVT-REST-API\target\scala-2.11\classes\application.test.conf)
	(D:\Tobias\Documents\Git\PVT-REST-API\conf\evolutions,D:\Tobias\Documents\Git\PVT-REST-API\target\scala-2.11\classes\evolutions)
	(D:\Tobias\Documents\Git\PVT-REST-API\conf\logback.xml,D:\Tobias\Documents\Git\PVT-REST-API\target\scala-2.11\classes\logback.xml)
	(D:\Tobias\Documents\Git\PVT-REST-API\conf\routes,D:\Tobias\Documents\Git\PVT-REST-API\target\scala-2.11\classes\routes)
	(D:\Tobias\Documents\Git\PVT-REST-API\conf\evolutions\default,D:\Tobias\Documents\Git\PVT-REST-API\target\scala-2.11\classes\evolutions\default)
	(D:\Tobias\Documents\Git\PVT-REST-API\conf\evolutions\default\1.sql,D:\Tobias\Documents\Git\PVT-REST-API\target\scala-2.11\classes\evolutions\default\1.sql)
Total time: 1 s, completed 2017-apr-25 06:21:45
> server-post-command-cleanup
> server-handle-next-server-request
