2017-04-25 05:43:20,889 [INFO] from application in ForkJoinPool-1-worker-1 - Creating Pool for datasource 'default'
2017-04-25 05:43:20,899 [ERROR] from com.zaxxer.hikari.HikariConfig in ForkJoinPool-1-worker-1 - HikariPool-1 - jdbcUrl is required with driverClassName.
2017-04-25 05:43:20,910 [INFO] from application in ForkJoinPool-1-worker-1 - Creating Pool for datasource 'default'
2017-04-25 05:43:20,910 [ERROR] from com.zaxxer.hikari.HikariConfig in ForkJoinPool-1-worker-1 - HikariPool-2 - jdbcUrl is required with driverClassName.
2017-04-25 05:43:20,983 [ERROR] from application in netty-event-loop-3 - 

! @73n8en3l1 - Internal server error, for (GET) [/] ->
 
play.api.Configuration$$anon$1: Configuration error[Cannot connect to database [default]]
	at play.api.Configuration$.configError(Configuration.scala:154)
	at play.api.Configuration.reportError(Configuration.scala:806)
	at play.api.db.DefaultDBApi$$anonfun$connect$1.apply(DefaultDBApi.scala:48)
	at play.api.db.DefaultDBApi$$anonfun$connect$1.apply(DefaultDBApi.scala:42)
	at scala.collection.immutable.List.foreach(List.scala:381)
	at play.api.db.DefaultDBApi.connect(DefaultDBApi.scala:42)
	at play.api.db.DBApiProvider.get$lzycompute(DBModule.scala:72)
	at play.api.db.DBApiProvider.get(DBModule.scala:62)
	at play.api.db.DBApiProvider.get(DBModule.scala:58)
	at com.google.inject.internal.ProviderInternalFactory.provision(ProviderInternalFactory.java:81)
	at com.google.inject.internal.BoundProviderFactory.provision(BoundProviderFactory.java:72)
	at com.google.inject.internal.ProviderInternalFactory.circularGet(ProviderInternalFactory.java:61)
	at com.google.inject.internal.BoundProviderFactory.get(BoundProviderFactory.java:62)
	at com.google.inject.internal.SingleParameterInjector.inject(SingleParameterInjector.java:38)
	at com.google.inject.internal.SingleParameterInjector.getAll(SingleParameterInjector.java:62)
	at com.google.inject.internal.ConstructorInjector.provision(ConstructorInjector.java:104)
	at com.google.inject.internal.ConstructorInjector.construct(ConstructorInjector.java:85)
	at com.google.inject.internal.ConstructorBindingImpl$Factory.get(ConstructorBindingImpl.java:267)
	at com.google.inject.internal.ProviderToInternalFactoryAdapter$1.call(ProviderToInternalFactoryAdapter.java:46)
	at com.google.inject.internal.InjectorImpl.callInContext(InjectorImpl.java:1103)
	at com.google.inject.internal.ProviderToInternalFactoryAdapter.get(ProviderToInternalFactoryAdapter.java:40)
	at com.google.inject.internal.SingletonScope$1.get(SingletonScope.java:145)
	at com.google.inject.internal.InternalFactoryToProviderAdapter.get(InternalFactoryToProviderAdapter.java:41)
	at com.google.inject.internal.FactoryProxy.get(FactoryProxy.java:56)
	at com.google.inject.internal.SingleFieldInjector.inject(SingleFieldInjector.java:54)
	at com.google.inject.internal.MembersInjectorImpl.injectMembers(MembersInjectorImpl.java:132)
	at com.google.inject.internal.MembersInjectorImpl$1.call(MembersInjectorImpl.java:93)
	at com.google.inject.internal.MembersInjectorImpl$1.call(MembersInjectorImpl.java:80)
	at com.google.inject.internal.InjectorImpl.callInContext(InjectorImpl.java:1103)
	at com.google.inject.internal.MembersInjectorImpl.injectAndNotify(MembersInjectorImpl.java:80)
	at com.google.inject.internal.MembersInjectorImpl.injectMembers(MembersInjectorImpl.java:62)
	at com.google.inject.internal.InjectorImpl.injectMembers(InjectorImpl.java:984)
	at com.google.inject.util.Providers$GuicifiedProviderWithDependencies.initialize(Providers.java:149)
	at com.google.inject.util.Providers$GuicifiedProviderWithDependencies$$FastClassByGuice$$2a7177aa.invoke(<generated>)
	at com.google.inject.internal.cglib.reflect.$FastMethod.invoke(FastMethod.java:53)
	at com.google.inject.internal.SingleMethodInjector$1.invoke(SingleMethodInjector.java:57)
	at com.google.inject.internal.SingleMethodInjector.inject(SingleMethodInjector.java:91)
	at com.google.inject.internal.MembersInjectorImpl.injectMembers(MembersInjectorImpl.java:132)
	at com.google.inject.internal.MembersInjectorImpl$1.call(MembersInjectorImpl.java:93)
	at com.google.inject.internal.MembersInjectorImpl$1.call(MembersInjectorImpl.java:80)
	at com.google.inject.internal.InjectorImpl.callInContext(InjectorImpl.java:1092)
	at com.google.inject.internal.MembersInjectorImpl.injectAndNotify(MembersInjectorImpl.java:80)
	at com.google.inject.internal.Initializer$InjectableReference.get(Initializer.java:174)
	at com.google.inject.internal.Initializer.injectAll(Initializer.java:108)
	at com.google.inject.internal.InternalInjectorCreator.injectDynamically(InternalInjectorCreator.java:174)
	at com.google.inject.internal.InternalInjectorCreator.build(InternalInjectorCreator.java:110)
	at com.google.inject.Guice.createInjector(Guice.java:96)
	at com.google.inject.Guice.createInjector(Guice.java:84)
	at play.api.inject.guice.GuiceBuilder.injector(GuiceInjectorBuilder.scala:181)
	at play.api.inject.guice.GuiceApplicationBuilder.build(GuiceApplicationBuilder.scala:123)
	at play.api.inject.guice.GuiceApplicationLoader.load(GuiceApplicationLoader.scala:21)
	at play.core.server.DevServerStart$$anonfun$mainDev$1$$anon$1$$anonfun$get$1$$anonfun$apply$1$$anonfun$1$$anonfun$2.apply(DevServerStart.scala:168)
	at play.core.server.DevServerStart$$anonfun$mainDev$1$$anon$1$$anonfun$get$1$$anonfun$apply$1$$anonfun$1$$anonfun$2.apply(DevServerStart.scala:164)
	at play.utils.Threads$.withContextClassLoader(Threads.scala:21)
	at play.core.server.DevServerStart$$anonfun$mainDev$1$$anon$1$$anonfun$get$1$$anonfun$apply$1$$anonfun$1.apply(DevServerStart.scala:164)
	at play.core.server.DevServerStart$$anonfun$mainDev$1$$anon$1$$anonfun$get$1$$anonfun$apply$1$$anonfun$1.apply(DevServerStart.scala:131)
	at scala.Option.map(Option.scala:146)
	at play.core.server.DevServerStart$$anonfun$mainDev$1$$anon$1$$anonfun$get$1$$anonfun$apply$1.apply(DevServerStart.scala:131)
	at play.core.server.DevServerStart$$anonfun$mainDev$1$$anon$1$$anonfun$get$1$$anonfun$apply$1.apply(DevServerStart.scala:129)
	at scala.util.Success.flatMap(Try.scala:231)
	at play.core.server.DevServerStart$$anonfun$mainDev$1$$anon$1$$anonfun$get$1.apply(DevServerStart.scala:129)
	at play.core.server.DevServerStart$$anonfun$mainDev$1$$anon$1$$anonfun$get$1.apply(DevServerStart.scala:121)
	at scala.concurrent.impl.Future$PromiseCompletingRunnable.liftedTree1$1(Future.scala:24)
	at scala.concurrent.impl.Future$PromiseCompletingRunnable.run(Future.scala:24)
	at java.util.concurrent.ForkJoinTask$RunnableExecuteAction.exec(ForkJoinTask.java:1402)
	at java.util.concurrent.ForkJoinTask.doExec(ForkJoinTask.java:289)
	at java.util.concurrent.ForkJoinPool$WorkQueue.runTask(ForkJoinPool.java:1056)
	at java.util.concurrent.ForkJoinPool.runWorker(ForkJoinPool.java:1692)
	at java.util.concurrent.ForkJoinWorkerThread.run(ForkJoinWorkerThread.java:157)
Caused by: play.api.Configuration$$anon$1: Configuration error[jdbcUrl is required with driverClassName.]
	at play.api.Configuration$.configError(Configuration.scala:154)
	at play.api.PlayConfig.reportError(Configuration.scala:996)
	at play.api.db.HikariCPConnectionPool.create(HikariCPModule.scala:70)
	at play.api.db.PooledDatabase.createDataSource(Databases.scala:199)
	at play.api.db.DefaultDatabase.dataSource$lzycompute(Databases.scala:123)
	at play.api.db.DefaultDatabase.dataSource(Databases.scala:121)
	at play.api.db.DefaultDatabase.getConnection(Databases.scala:142)
	at play.api.db.DefaultDatabase.getConnection(Databases.scala:138)
	at play.api.db.DefaultDBApi$$anonfun$connect$1.apply(DefaultDBApi.scala:44)
	... 66 common frames omitted
Caused by: java.lang.IllegalArgumentException: jdbcUrl is required with driverClassName.
	at com.zaxxer.hikari.HikariConfig.validate(HikariConfig.java:782)
	at play.api.db.HikariCPConfig.toHikariConfig(HikariCPModule.scala:141)
	at play.api.db.HikariCPConnectionPool$$anonfun$1.apply(HikariCPModule.scala:57)
	at play.api.db.HikariCPConnectionPool$$anonfun$1.apply(HikariCPModule.scala:54)
	at scala.util.Try$.apply(Try.scala:192)
	at play.api.db.HikariCPConnectionPool.create(HikariCPModule.scala:54)
	... 72 common frames omitted
2017-04-25 05:46:12,514 [INFO] from application in ForkJoinPool-1-worker-2 - Creating Pool for datasource 'default'
2017-04-25 05:46:12,514 [ERROR] from com.zaxxer.hikari.HikariConfig in ForkJoinPool-1-worker-2 - HikariPool-3 - jdbcUrl is required with driverClassName.
2017-04-25 05:46:12,516 [ERROR] from application in netty-event-loop-3 - 

! @73n8f6nhd - Internal server error, for (GET) [/] ->
 
play.api.Configuration$$anon$1: Configuration error[jdbcUrl is required with driverClassName.]
	at play.api.Configuration$.configError(Configuration.scala:154)
	at play.api.PlayConfig.reportError(Configuration.scala:996)
	at play.api.db.HikariCPConnectionPool.create(HikariCPModule.scala:70)
	at play.api.db.PooledDatabase.createDataSource(Databases.scala:199)
	at play.api.db.DefaultDatabase.dataSource$lzycompute(Databases.scala:123)
	at play.api.db.DefaultDatabase.dataSource(Databases.scala:121)
	at play.api.db.DefaultDatabase.shutdown(Databases.scala:180)
	at play.api.db.DefaultDBApi$$anonfun$shutdown$1.apply(DefaultDBApi.scala:54)
	at play.api.db.DefaultDBApi$$anonfun$shutdown$1.apply(DefaultDBApi.scala:54)
	at scala.collection.immutable.List.foreach(List.scala:381)
	at play.api.db.DefaultDBApi.shutdown(DefaultDBApi.scala:54)
	at play.api.db.DBApiProvider$$anonfun$get$1.apply(DBModule.scala:71)
	at play.api.db.DBApiProvider$$anonfun$get$1.apply(DBModule.scala:71)
	at play.api.inject.DefaultApplicationLifecycle$$anonfun$clearHooks$1$1.apply(ApplicationLifecycle.scala:94)
	at play.api.inject.DefaultApplicationLifecycle$$anonfun$clearHooks$1$1.apply(ApplicationLifecycle.scala:93)
	at scala.concurrent.Future$$anonfun$flatMap$1.apply(Future.scala:251)
	at scala.concurrent.Future$$anonfun$flatMap$1.apply(Future.scala:249)
	at scala.concurrent.impl.CallbackRunnable.run(Promise.scala:32)
	at play.api.libs.iteratee.Execution$trampoline$.execute(Execution.scala:70)
	at scala.concurrent.impl.CallbackRunnable.executeWithValue(Promise.scala:40)
	at scala.concurrent.impl.Promise$KeptPromise.onComplete(Promise.scala:333)
	at scala.concurrent.Future$class.flatMap(Future.scala:249)
	at scala.concurrent.impl.Promise$KeptPromise.flatMap(Promise.scala:322)
	at play.api.inject.DefaultApplicationLifecycle.clearHooks$1(ApplicationLifecycle.scala:93)
	at play.api.inject.DefaultApplicationLifecycle.stop(ApplicationLifecycle.scala:101)
	at play.core.server.DevServerStart$$anonfun$mainDev$1$$anon$1$$anonfun$get$1$$anonfun$apply$1$$anonfun$1$$anonfun$apply$3.apply(DevServerStart.scala:147)
	at play.core.server.DevServerStart$$anonfun$mainDev$1$$anon$1$$anonfun$get$1$$anonfun$apply$1$$anonfun$1$$anonfun$apply$3.apply(DevServerStart.scala:147)
	at scala.Option.foreach(Option.scala:257)
	at play.core.server.DevServerStart$$anonfun$mainDev$1$$anon$1$$anonfun$get$1$$anonfun$apply$1$$anonfun$1.apply(DevServerStart.scala:147)
	at play.core.server.DevServerStart$$anonfun$mainDev$1$$anon$1$$anonfun$get$1$$anonfun$apply$1$$anonfun$1.apply(DevServerStart.scala:131)
	at scala.Option.map(Option.scala:146)
	at play.core.server.DevServerStart$$anonfun$mainDev$1$$anon$1$$anonfun$get$1$$anonfun$apply$1.apply(DevServerStart.scala:131)
	at play.core.server.DevServerStart$$anonfun$mainDev$1$$anon$1$$anonfun$get$1$$anonfun$apply$1.apply(DevServerStart.scala:129)
	at scala.util.Success.flatMap(Try.scala:231)
	at play.core.server.DevServerStart$$anonfun$mainDev$1$$anon$1$$anonfun$get$1.apply(DevServerStart.scala:129)
	at play.core.server.DevServerStart$$anonfun$mainDev$1$$anon$1$$anonfun$get$1.apply(DevServerStart.scala:121)
	at scala.concurrent.impl.Future$PromiseCompletingRunnable.liftedTree1$1(Future.scala:24)
	at scala.concurrent.impl.Future$PromiseCompletingRunnable.run(Future.scala:24)
	at java.util.concurrent.ForkJoinTask$RunnableExecuteAction.exec(ForkJoinTask.java:1402)
	at java.util.concurrent.ForkJoinTask.doExec(ForkJoinTask.java:289)
	at java.util.concurrent.ForkJoinPool$WorkQueue.runTask(ForkJoinPool.java:1056)
	at java.util.concurrent.ForkJoinPool.runWorker(ForkJoinPool.java:1692)
	at java.util.concurrent.ForkJoinWorkerThread.run(ForkJoinWorkerThread.java:157)
Caused by: java.lang.IllegalArgumentException: jdbcUrl is required with driverClassName.
	at com.zaxxer.hikari.HikariConfig.validate(HikariConfig.java:782)
	at play.api.db.HikariCPConfig.toHikariConfig(HikariCPModule.scala:141)
	at play.api.db.HikariCPConnectionPool$$anonfun$1.apply(HikariCPModule.scala:57)
	at play.api.db.HikariCPConnectionPool$$anonfun$1.apply(HikariCPModule.scala:54)
	at scala.util.Try$.apply(Try.scala:192)
	at play.api.db.HikariCPConnectionPool.create(HikariCPModule.scala:54)
	... 40 common frames omitted
